{"/home/travis/build/npmtest/node-npmtest-redux/test.js":{"path":"/home/travis/build/npmtest/node-npmtest-redux/test.js","s":{"1":2,"2":2,"3":2,"4":2,"5":2,"6":2,"7":2,"8":1,"9":2,"10":2,"11":1,"12":1,"13":1,"14":1,"15":2,"16":2,"17":2,"18":2,"19":1,"20":1,"21":2,"22":2,"23":2,"24":1,"25":1,"26":1,"27":1,"28":1,"29":1,"30":1,"31":1,"32":1,"33":1,"34":1,"35":1,"36":1,"37":1,"38":1,"39":2,"40":2,"41":1,"42":2,"43":2,"44":1,"45":2,"46":2,"47":1,"48":2,"49":2,"50":1,"51":1,"52":1,"53":1,"54":1},"b":{"1":[2,1,1,1],"2":[1,1,1,1],"3":[1,1],"4":[1,1],"5":[1,1],"6":[1,1],"7":[1,1],"8":[1,1],"9":[1,1],"10":[1,1,1],"11":[1,1],"12":[1,1],"13":[1,1],"14":[1,1],"15":[1,1],"16":[1,1],"17":[1,1]},"f":{"1":2,"2":2,"3":2,"4":2,"5":2,"6":1,"7":1,"8":1,"9":2,"10":2,"11":2,"12":2,"13":1},"fnMap":{"1":{"name":"(anonymous_1)","line":12,"loc":{"start":{"line":12,"column":1},"end":{"line":12,"column":13}}},"2":{"name":"(anonymous_2)","line":19,"loc":{"start":{"line":19,"column":5},"end":{"line":19,"column":17}}},"3":{"name":"(anonymous_3)","line":23,"loc":{"start":{"line":23,"column":24},"end":{"line":23,"column":36}}},"4":{"name":"(anonymous_4)","line":61,"loc":{"start":{"line":61,"column":5},"end":{"line":61,"column":17}}},"5":{"name":"(anonymous_5)","line":82,"loc":{"start":{"line":82,"column":5},"end":{"line":82,"column":17}}},"6":{"name":"(anonymous_6)","line":91,"loc":{"start":{"line":91,"column":77},"end":{"line":94,"column":10}}},"7":{"name":"(anonymous_7)","line":112,"loc":{"start":{"line":112,"column":83},"end":{"line":115,"column":10}},"skip":true},"8":{"name":"(anonymous_8)","line":123,"loc":{"start":{"line":123,"column":77},"end":{"line":126,"column":10}},"skip":true},"9":{"name":"(anonymous_9)","line":139,"loc":{"start":{"line":139,"column":12},"end":{"line":139,"column":40}},"skip":true},"10":{"name":"(anonymous_10)","line":147,"loc":{"start":{"line":147,"column":77},"end":{"line":150,"column":10}},"skip":true},"11":{"name":"(anonymous_11)","line":158,"loc":{"start":{"line":158,"column":83},"end":{"line":161,"column":10}},"skip":true},"12":{"name":"(anonymous_12)","line":169,"loc":{"start":{"line":169,"column":79},"end":{"line":172,"column":10}},"skip":true},"13":{"name":"(anonymous_13)","line":180,"loc":{"start":{"line":180,"column":75},"end":{"line":183,"column":10}},"skip":true}},"statementMap":{"1":{"start":{"line":12,"column":0},"end":{"line":195,"column":5}},"2":{"start":{"line":14,"column":4},"end":{"line":14,"column":14}},"3":{"start":{"line":19,"column":4},"end":{"line":56,"column":9}},"4":{"start":{"line":21,"column":8},"end":{"line":21,"column":19}},"5":{"start":{"line":23,"column":8},"end":{"line":35,"column":13}},"6":{"start":{"line":24,"column":12},"end":{"line":34,"column":13}},"7":{"start":{"line":25,"column":16},"end":{"line":28,"column":30}},"8":{"start":{"line":30,"column":16},"end":{"line":33,"column":27}},"9":{"start":{"line":37,"column":8},"end":{"line":39,"column":21}},"10":{"start":{"line":40,"column":8},"end":{"line":53,"column":9}},"11":{"start":{"line":43,"column":12},"end":{"line":46,"column":14}},"12":{"start":{"line":47,"column":12},"end":{"line":47,"column":18}},"13":{"start":{"line":50,"column":12},"end":{"line":51,"column":46}},"14":{"start":{"line":52,"column":12},"end":{"line":52,"column":18}},"15":{"start":{"line":55,"column":8},"end":{"line":55,"column":35}},"16":{"start":{"line":61,"column":4},"end":{"line":63,"column":9}},"17":{"start":{"line":62,"column":8},"end":{"line":62,"column":15}},"18":{"start":{"line":64,"column":4},"end":{"line":77,"column":5}},"19":{"start":{"line":70,"column":8},"end":{"line":70,"column":14}},"20":{"start":{"line":76,"column":8},"end":{"line":76,"column":14}},"21":{"start":{"line":82,"column":4},"end":{"line":84,"column":9}},"22":{"start":{"line":83,"column":8},"end":{"line":83,"column":15}},"23":{"start":{"line":85,"column":4},"end":{"line":194,"column":5}},"24":{"start":{"line":91,"column":8},"end":{"line":99,"column":10}},"25":{"start":{"line":98,"column":12},"end":{"line":98,"column":35}},"26":{"start":{"line":102,"column":8},"end":{"line":104,"column":63}},"27":{"start":{"line":105,"column":8},"end":{"line":105,"column":14}},"28":{"start":{"line":112,"column":8},"end":{"line":121,"column":10},"skip":true},"29":{"start":{"line":119,"column":12},"end":{"line":119,"column":55},"skip":true},"30":{"start":{"line":120,"column":12},"end":{"line":120,"column":48},"skip":true},"31":{"start":{"line":123,"column":8},"end":{"line":136,"column":10},"skip":true},"32":{"start":{"line":130,"column":12},"end":{"line":130,"column":76},"skip":true},"33":{"start":{"line":131,"column":12},"end":{"line":131,"column":73},"skip":true},"34":{"start":{"line":132,"column":12},"end":{"line":132,"column":74},"skip":true},"35":{"start":{"line":133,"column":12},"end":{"line":133,"column":79},"skip":true},"36":{"start":{"line":134,"column":12},"end":{"line":134,"column":25},"skip":true},"37":{"start":{"line":135,"column":12},"end":{"line":135,"column":45},"skip":true},"38":{"start":{"line":138,"column":8},"end":{"line":145,"column":14},"skip":true},"39":{"start":{"line":143,"column":16},"end":{"line":143,"column":29},"skip":true},"40":{"start":{"line":144,"column":16},"end":{"line":144,"column":55},"skip":true},"41":{"start":{"line":147,"column":8},"end":{"line":156,"column":10},"skip":true},"42":{"start":{"line":154,"column":12},"end":{"line":154,"column":25},"skip":true},"43":{"start":{"line":155,"column":12},"end":{"line":155,"column":45},"skip":true},"44":{"start":{"line":158,"column":8},"end":{"line":167,"column":10},"skip":true},"45":{"start":{"line":165,"column":12},"end":{"line":165,"column":25},"skip":true},"46":{"start":{"line":166,"column":12},"end":{"line":166,"column":48},"skip":true},"47":{"start":{"line":169,"column":8},"end":{"line":178,"column":10},"skip":true},"48":{"start":{"line":176,"column":12},"end":{"line":176,"column":25},"skip":true},"49":{"start":{"line":177,"column":12},"end":{"line":177,"column":46},"skip":true},"50":{"start":{"line":180,"column":8},"end":{"line":189,"column":10},"skip":true},"51":{"start":{"line":187,"column":12},"end":{"line":187,"column":94},"skip":true},"52":{"start":{"line":188,"column":12},"end":{"line":188,"column":48},"skip":true},"53":{"start":{"line":192,"column":8},"end":{"line":192,"column":35},"skip":true},"54":{"start":{"line":193,"column":8},"end":{"line":193,"column":14},"skip":true}},"branchMap":{"1":{"line":25,"type":"binary-expr","locations":[{"start":{"line":25,"column":23},"end":{"line":25,"column":62}},{"start":{"line":26,"column":20},"end":{"line":26,"column":70}},{"start":{"line":27,"column":20},"end":{"line":27,"column":71}},{"start":{"line":28,"column":20},"end":{"line":28,"column":29}}]},"2":{"line":30,"type":"binary-expr","locations":[{"start":{"line":30,"column":23},"end":{"line":30,"column":37}},{"start":{"line":31,"column":20},"end":{"line":31,"column":61}},{"start":{"line":32,"column":20},"end":{"line":32,"column":70}},{"start":{"line":33,"column":20},"end":{"line":33,"column":26}}]},"3":{"line":37,"type":"cond-expr","locations":[{"start":{"line":38,"column":14},"end":{"line":38,"column":20}},{"start":{"line":39,"column":14},"end":{"line":39,"column":20}}]},"4":{"line":40,"type":"switch","locations":[{"start":{"line":42,"column":8},"end":{"line":47,"column":18}},{"start":{"line":49,"column":8},"end":{"line":52,"column":18}}]},"5":{"line":44,"type":"binary-expr","locations":[{"start":{"line":44,"column":16},"end":{"line":44,"column":44}},{"start":{"line":44,"column":48},"end":{"line":44,"column":66}}]},"6":{"line":50,"type":"binary-expr","locations":[{"start":{"line":50,"column":21},"end":{"line":50,"column":49}},{"start":{"line":50,"column":53},"end":{"line":50,"column":72}}]},"7":{"line":64,"type":"switch","locations":[{"start":{"line":69,"column":4},"end":{"line":70,"column":14}},{"start":{"line":75,"column":4},"end":{"line":76,"column":14}}]},"8":{"line":85,"type":"switch","locations":[{"start":{"line":90,"column":4},"end":{"line":105,"column":14}},{"start":{"line":111,"column":4},"end":{"line":193,"column":14},"skip":true}]},"9":{"line":91,"type":"binary-expr","locations":[{"start":{"line":91,"column":42},"end":{"line":91,"column":73}},{"start":{"line":91,"column":77},"end":{"line":99,"column":9}}]},"10":{"line":102,"type":"binary-expr","locations":[{"start":{"line":102,"column":18},"end":{"line":102,"column":32}},{"start":{"line":103,"column":12},"end":{"line":103,"column":53}},{"start":{"line":104,"column":12},"end":{"line":104,"column":61}}]},"11":{"line":112,"type":"binary-expr","locations":[{"start":{"line":112,"column":45},"end":{"line":112,"column":79},"skip":true},{"start":{"line":112,"column":83},"end":{"line":121,"column":9},"skip":true}]},"12":{"line":123,"type":"binary-expr","locations":[{"start":{"line":123,"column":42},"end":{"line":123,"column":73},"skip":true},{"start":{"line":123,"column":77},"end":{"line":136,"column":9},"skip":true}]},"13":{"line":138,"type":"binary-expr","locations":[{"start":{"line":138,"column":48},"end":{"line":138,"column":85},"skip":true},{"start":{"line":139,"column":12},"end":{"line":145,"column":13},"skip":true}]},"14":{"line":147,"type":"binary-expr","locations":[{"start":{"line":147,"column":42},"end":{"line":147,"column":73},"skip":true},{"start":{"line":147,"column":77},"end":{"line":156,"column":9},"skip":true}]},"15":{"line":158,"type":"binary-expr","locations":[{"start":{"line":158,"column":45},"end":{"line":158,"column":79},"skip":true},{"start":{"line":158,"column":83},"end":{"line":167,"column":9},"skip":true}]},"16":{"line":169,"type":"binary-expr","locations":[{"start":{"line":169,"column":43},"end":{"line":169,"column":75},"skip":true},{"start":{"line":169,"column":79},"end":{"line":178,"column":9},"skip":true}]},"17":{"line":180,"type":"binary-expr","locations":[{"start":{"line":180,"column":41},"end":{"line":180,"column":71},"skip":true},{"start":{"line":180,"column":75},"end":{"line":189,"column":9},"skip":true}]}},"code":["/* istanbul instrument in package npmtest_redux */","/*jslint","    bitwise: true,","    browser: true,","    maxerr: 8,","    maxlen: 96,","    node: true,","    nomen: true,","    regexp: true,","    stupid: true","*/","(function () {","    'use strict';","    var local;","","","","    // run shared js-env code - pre-init","    (function () {","        // init local","        local = {};","        // init modeJs","        local.modeJs = (function () {","            try {","                return typeof navigator.userAgent === 'string' &&","                    typeof document.querySelector('body') === 'object' &&","                    typeof XMLHttpRequest.prototype.open === 'function' &&","                    'browser';","            } catch (errorCaughtBrowser) {","                return module.exports &&","                    typeof process.versions.node === 'string' &&","                    typeof require('http').createServer === 'function' &&","                    'node';","            }","        }());","        // init global","        local.global = local.modeJs === 'browser'","            ? window","            : global;","        switch (local.modeJs) {","        // re-init local from window.local","        case 'browser':","            local = local.global.utility2.objectSetDefault(","                local.global.utility2_rollup || local.global.local,","                local.global.utility2","            );","            break;","        // re-init local from example.js","        case 'node':","            local = (local.global.utility2_rollup || require('utility2'))","                .requireExampleJsFromReadme();","            break;","        }","        // export local","        local.global.local = local;","    }());","","","","    // run shared js-env code - function","    (function () {","        return;","    }());","    switch (local.modeJs) {","","","","    // run browser js-env code - function","    case 'browser':","        break;","","","","    // run node js-env code - function","    case 'node':","        break;","    }","","","","    // run shared js-env code - post-init","    (function () {","        return;","    }());","    switch (local.modeJs) {","","","","    // run browser js-env code - post-init","    case 'browser':","        local.testCase_browser_nullCase = local.testCase_browser_nullCase || function (","            options,","            onError","        ) {","        /*","         * this function will test browsers's null-case handling-behavior-behavior","         */","            onError(null, options);","        };","","        // run tests","        local.nop(local.modeTest &&","            document.querySelector('#testRunButton1') &&","            document.querySelector('#testRunButton1').click());","        break;","","","","    // run node js-env code - post-init","    /* istanbul ignore next */","    case 'node':","        local.testCase_buildApidoc_default = local.testCase_buildApidoc_default || function (","            options,","            onError","        ) {","        /*","         * this function will test buildApidoc's default handling-behavior-behavior","         */","            options = { modulePathList: module.paths };","            local.buildApidoc(options, onError);","        };","","        local.testCase_buildApp_default = local.testCase_buildApp_default || function (","            options,","            onError","        ) {","        /*","         * this function will test buildApp's default handling-behavior-behavior","         */","            local.testCase_buildReadme_default(options, local.onErrorThrow);","            local.testCase_buildLib_default(options, local.onErrorThrow);","            local.testCase_buildTest_default(options, local.onErrorThrow);","            local.testCase_buildCustomOrg_default(options, local.onErrorThrow);","            options = [];","            local.buildApp(options, onError);","        };","","        local.testCase_buildCustomOrg_default = local.testCase_buildCustomOrg_default ||","            function (options, onError) {","            /*","             * this function will test buildCustomOrg's default handling-behavior","             */","                options = {};","                local.buildCustomOrg(options, onError);","            };","","        local.testCase_buildLib_default = local.testCase_buildLib_default || function (","            options,","            onError","        ) {","        /*","         * this function will test buildLib's default handling-behavior","         */","            options = {};","            local.buildLib(options, onError);","        };","","        local.testCase_buildReadme_default = local.testCase_buildReadme_default || function (","            options,","            onError","        ) {","        /*","         * this function will test buildReadme's default handling-behavior-behavior","         */","            options = {};","            local.buildReadme(options, onError);","        };","","        local.testCase_buildTest_default = local.testCase_buildTest_default || function (","            options,","            onError","        ) {","        /*","         * this function will test buildTest's default handling-behavior","         */","            options = {};","            local.buildTest(options, onError);","        };","","        local.testCase_webpage_default = local.testCase_webpage_default || function (","            options,","            onError","        ) {","        /*","         * this function will test webpage's default handling-behavior","         */","            options = { modeCoverageMerge: true, url: local.serverLocalHost + '?modeTest=1' };","            local.browserTest(options, onError);","        };","","        // run test-server","        local.testRunServer(local);","        break;","    }","}());",""],"l":{"12":2,"14":2,"19":2,"21":2,"23":2,"24":2,"25":2,"30":1,"37":2,"40":2,"43":1,"47":1,"50":1,"52":1,"55":2,"61":2,"62":2,"64":2,"70":1,"76":1,"82":2,"83":2,"85":2,"91":1,"98":1,"102":1,"105":1,"112":1,"119":1,"120":1,"123":1,"130":1,"131":1,"132":1,"133":1,"134":1,"135":1,"138":1,"143":2,"144":2,"147":1,"154":2,"155":2,"158":1,"165":2,"166":2,"169":1,"176":2,"177":2,"180":1,"187":1,"188":1,"192":1,"193":1}},"/home/travis/build/npmtest/node-npmtest-redux/lib.npmtest_redux.js":{"path":"/home/travis/build/npmtest/node-npmtest-redux/lib.npmtest_redux.js","s":{"1":2,"2":2,"3":2,"4":2,"5":2,"6":2,"7":2,"8":1,"9":2,"10":2,"11":2,"12":2,"13":1,"14":1,"15":1,"16":1},"b":{"1":[2,1,1,1],"2":[1,1,1,1],"3":[1,1],"4":[2,2],"5":[1,1]},"f":{"1":2,"2":2,"3":2},"fnMap":{"1":{"name":"(anonymous_1)","line":12,"loc":{"start":{"line":12,"column":1},"end":{"line":12,"column":13}}},"2":{"name":"(anonymous_2)","line":19,"loc":{"start":{"line":19,"column":5},"end":{"line":19,"column":17}}},"3":{"name":"(anonymous_3)","line":23,"loc":{"start":{"line":23,"column":24},"end":{"line":23,"column":36}}}},"statementMap":{"1":{"start":{"line":12,"column":0},"end":{"line":53,"column":5}},"2":{"start":{"line":14,"column":4},"end":{"line":14,"column":14}},"3":{"start":{"line":19,"column":4},"end":{"line":52,"column":9}},"4":{"start":{"line":21,"column":8},"end":{"line":21,"column":19}},"5":{"start":{"line":23,"column":8},"end":{"line":35,"column":13}},"6":{"start":{"line":24,"column":12},"end":{"line":34,"column":13}},"7":{"start":{"line":25,"column":16},"end":{"line":28,"column":30}},"8":{"start":{"line":30,"column":16},"end":{"line":33,"column":27}},"9":{"start":{"line":37,"column":8},"end":{"line":39,"column":21}},"10":{"start":{"line":41,"column":8},"end":{"line":41,"column":54}},"11":{"start":{"line":43,"column":8},"end":{"line":43,"column":50}},"12":{"start":{"line":45,"column":8},"end":{"line":51,"column":9}},"13":{"start":{"line":46,"column":12},"end":{"line":46,"column":56}},"14":{"start":{"line":48,"column":12},"end":{"line":48,"column":35}},"15":{"start":{"line":49,"column":12},"end":{"line":49,"column":49}},"16":{"start":{"line":50,"column":12},"end":{"line":50,"column":43}}},"branchMap":{"1":{"line":25,"type":"binary-expr","locations":[{"start":{"line":25,"column":23},"end":{"line":25,"column":62}},{"start":{"line":26,"column":20},"end":{"line":26,"column":70}},{"start":{"line":27,"column":20},"end":{"line":27,"column":71}},{"start":{"line":28,"column":20},"end":{"line":28,"column":29}}]},"2":{"line":30,"type":"binary-expr","locations":[{"start":{"line":30,"column":23},"end":{"line":30,"column":37}},{"start":{"line":31,"column":20},"end":{"line":31,"column":61}},{"start":{"line":32,"column":20},"end":{"line":32,"column":70}},{"start":{"line":33,"column":20},"end":{"line":33,"column":26}}]},"3":{"line":37,"type":"cond-expr","locations":[{"start":{"line":38,"column":14},"end":{"line":38,"column":20}},{"start":{"line":39,"column":14},"end":{"line":39,"column":20}}]},"4":{"line":41,"type":"binary-expr","locations":[{"start":{"line":41,"column":16},"end":{"line":41,"column":44}},{"start":{"line":41,"column":48},"end":{"line":41,"column":53}}]},"5":{"line":45,"type":"if","locations":[{"start":{"line":45,"column":8},"end":{"line":45,"column":8}},{"start":{"line":45,"column":8},"end":{"line":45,"column":8}}]}},"code":["/* istanbul instrument in package npmtest_redux */","/*jslint","    bitwise: true,","    browser: true,","    maxerr: 8,","    maxlen: 96,","    node: true,","    nomen: true,","    regexp: true,","    stupid: true","*/","(function () {","    'use strict';","    var local;","","","","    // run shared js-env code - pre-init","    (function () {","        // init local","        local = {};","        // init modeJs","        local.modeJs = (function () {","            try {","                return typeof navigator.userAgent === 'string' &&","                    typeof document.querySelector('body') === 'object' &&","                    typeof XMLHttpRequest.prototype.open === 'function' &&","                    'browser';","            } catch (errorCaughtBrowser) {","                return module.exports &&","                    typeof process.versions.node === 'string' &&","                    typeof require('http').createServer === 'function' &&","                    'node';","            }","        }());","        // init global","        local.global = local.modeJs === 'browser'","            ? window","            : global;","        // init utility2_rollup","        local = local.global.utility2_rollup || local;","        // init lib","        local.local = local.npmtest_redux = local;","        // init exports","        if (local.modeJs === 'browser') {","            local.global.utility2_npmtest_redux = local;","        } else {","            module.exports = local;","            module.exports.__dirname = __dirname;","            module.exports.module = module;","        }","    }());","}());",""],"l":{"12":2,"14":2,"19":2,"21":2,"23":2,"24":2,"25":2,"30":1,"37":2,"41":2,"43":2,"45":2,"46":1,"48":1,"49":1,"50":1}},"/home/travis/build/npmtest/node-npmtest-redux/example.js":{"path":"/home/travis/build/npmtest/node-npmtest-redux/example.js","s":{"1":2,"2":2,"3":2,"4":2,"5":2,"6":2,"7":2,"8":1,"9":2,"10":2,"11":2,"12":2,"13":1,"14":2,"15":2,"16":2,"17":2,"18":2,"19":0,"20":2,"21":1,"22":1,"23":1,"24":1,"25":1,"26":0,"27":0,"28":1,"29":1,"30":2,"31":0,"32":0,"33":0,"34":1,"35":2,"36":2,"37":3,"38":3,"39":3,"40":3,"41":0,"42":3,"43":3,"44":3,"45":1,"46":3,"47":1,"48":1,"49":1,"50":1,"51":1,"52":1,"53":1,"54":1,"55":1,"56":1,"57":0,"58":1,"59":6,"60":6,"61":1,"62":2,"63":0,"64":2,"65":1,"66":1,"67":0,"68":0,"69":0,"70":0,"71":0,"72":0,"73":0,"74":0,"75":0,"76":0,"77":0,"78":0,"79":0,"80":0,"81":0,"82":0,"83":0},"b":{"1":[2,1,1,1],"2":[1,1,1,1],"3":[1,1],"4":[2,2],"5":[1,1],"6":[1,1],"7":[2,0],"8":[2,1,1,1,1,1],"9":[0,2,0],"10":[1,1],"11":[2,1,1],"12":[1,0],"13":[0,2],"14":[2,0,0,0,0,0,0],"15":[0,3],"16":[3,0],"17":[1,1],"18":[0,1],"19":[1,2,0,2],"20":[1,0],"21":[1,1],"22":[0,0],"23":[0,0],"24":[0,0],"25":[0,0],"26":[0,0],"27":[0,0],"28":[0,0]},"f":{"1":2,"2":2,"3":2,"4":2,"5":2,"6":2,"7":3,"8":3,"9":3,"10":1,"11":6,"12":0},"fnMap":{"1":{"name":"(anonymous_1)","line":26,"loc":{"start":{"line":26,"column":1},"end":{"line":26,"column":13}}},"2":{"name":"(anonymous_2)","line":33,"loc":{"start":{"line":33,"column":5},"end":{"line":33,"column":17}}},"3":{"name":"(anonymous_3)","line":37,"loc":{"start":{"line":37,"column":24},"end":{"line":37,"column":36}}},"4":{"name":"(anonymous_4)","line":69,"loc":{"start":{"line":69,"column":31},"end":{"line":69,"column":48}},"skip":true},"5":{"name":"(anonymous_5)","line":78,"loc":{"start":{"line":78,"column":26},"end":{"line":78,"column":45}},"skip":true},"6":{"name":"(anonymous_6)","line":123,"loc":{"start":{"line":123,"column":33},"end":{"line":123,"column":48}},"skip":true},"7":{"name":"(anonymous_7)","line":125,"loc":{"start":{"line":125,"column":27},"end":{"line":125,"column":39}},"skip":true},"8":{"name":"(anonymous_8)","line":133,"loc":{"start":{"line":133,"column":59},"end":{"line":133,"column":74}},"skip":true},"9":{"name":"(anonymous_9)","line":143,"loc":{"start":{"line":143,"column":45},"end":{"line":143,"column":62}},"skip":true},"10":{"name":"(anonymous_10)","line":144,"loc":{"start":{"line":144,"column":73},"end":{"line":144,"column":92}},"skip":true},"11":{"name":"(anonymous_11)","line":272,"loc":{"start":{"line":272,"column":51},"end":{"line":272,"column":77}},"skip":true},"12":{"name":"(anonymous_12)","line":315,"loc":{"start":{"line":315,"column":32},"end":{"line":315,"column":61}},"skip":true}},"statementMap":{"1":{"start":{"line":26,"column":0},"end":{"line":326,"column":5}},"2":{"start":{"line":28,"column":4},"end":{"line":28,"column":14}},"3":{"start":{"line":33,"column":4},"end":{"line":60,"column":9}},"4":{"start":{"line":35,"column":8},"end":{"line":35,"column":19}},"5":{"start":{"line":37,"column":8},"end":{"line":49,"column":13}},"6":{"start":{"line":38,"column":12},"end":{"line":48,"column":13}},"7":{"start":{"line":39,"column":16},"end":{"line":42,"column":30}},"8":{"start":{"line":44,"column":16},"end":{"line":47,"column":27}},"9":{"start":{"line":51,"column":8},"end":{"line":53,"column":21}},"10":{"start":{"line":55,"column":8},"end":{"line":57,"column":45}},"11":{"start":{"line":59,"column":8},"end":{"line":59,"column":35}},"12":{"start":{"line":61,"column":4},"end":{"line":325,"column":5}},"13":{"start":{"line":69,"column":8},"end":{"line":121,"column":10},"skip":true},"14":{"start":{"line":70,"column":12},"end":{"line":88,"column":13},"skip":true},"15":{"start":{"line":76,"column":16},"end":{"line":87,"column":19},"skip":true},"16":{"start":{"line":79,"column":20},"end":{"line":86,"column":21},"skip":true},"17":{"start":{"line":82,"column":24},"end":{"line":82,"column":43},"skip":true},"18":{"start":{"line":83,"column":24},"end":{"line":83,"column":30},"skip":true},"19":{"start":{"line":85,"column":24},"end":{"line":85,"column":49},"skip":true},"20":{"start":{"line":89,"column":12},"end":{"line":107,"column":13},"skip":true},"21":{"start":{"line":92,"column":16},"end":{"line":102,"column":17},"skip":true},"22":{"start":{"line":93,"column":20},"end":{"line":93,"column":86},"skip":true},"23":{"start":{"line":94,"column":20},"end":{"line":95,"column":45},"skip":true},"24":{"start":{"line":96,"column":20},"end":{"line":96,"column":42},"skip":true},"25":{"start":{"line":97,"column":20},"end":{"line":97,"column":48},"skip":true},"26":{"start":{"line":100,"column":20},"end":{"line":100,"column":85},"skip":true},"27":{"start":{"line":101,"column":20},"end":{"line":101,"column":96},"skip":true},"28":{"start":{"line":103,"column":16},"end":{"line":103,"column":22},"skip":true},"29":{"start":{"line":106,"column":16},"end":{"line":106,"column":22},"skip":true},"30":{"start":{"line":108,"column":12},"end":{"line":120,"column":13},"skip":true},"31":{"start":{"line":114,"column":16},"end":{"line":119,"column":17},"skip":true},"32":{"start":{"line":116,"column":20},"end":{"line":116,"column":78},"skip":true},"33":{"start":{"line":118,"column":20},"end":{"line":118,"column":47},"skip":true},"34":{"start":{"line":123,"column":8},"end":{"line":141,"column":11},"skip":true},"35":{"start":{"line":124,"column":12},"end":{"line":124,"column":54},"skip":true},"36":{"start":{"line":125,"column":12},"end":{"line":140,"column":14},"skip":true},"37":{"start":{"line":126,"column":16},"end":{"line":126,"column":28},"skip":true},"38":{"start":{"line":127,"column":16},"end":{"line":127,"column":69},"skip":true},"39":{"start":{"line":128,"column":16},"end":{"line":128,"column":75},"skip":true},"40":{"start":{"line":129,"column":16},"end":{"line":131,"column":17},"skip":true},"41":{"start":{"line":130,"column":20},"end":{"line":130,"column":27},"skip":true},"42":{"start":{"line":133,"column":16},"end":{"line":137,"column":36},"skip":true},"43":{"start":{"line":134,"column":20},"end":{"line":136,"column":55},"skip":true},"44":{"start":{"line":139,"column":16},"end":{"line":139,"column":57},"skip":true},"45":{"start":{"line":143,"column":8},"end":{"line":147,"column":11},"skip":true},"46":{"start":{"line":144,"column":12},"end":{"line":146,"column":15},"skip":true},"47":{"start":{"line":145,"column":16},"end":{"line":145,"column":70},"skip":true},"48":{"start":{"line":149,"column":8},"end":{"line":149,"column":31},"skip":true},"49":{"start":{"line":150,"column":8},"end":{"line":150,"column":14},"skip":true},"50":{"start":{"line":158,"column":8},"end":{"line":158,"column":31},"skip":true},"51":{"start":{"line":160,"column":8},"end":{"line":160,"column":33},"skip":true},"52":{"start":{"line":161,"column":8},"end":{"line":161,"column":37},"skip":true},"53":{"start":{"line":162,"column":8},"end":{"line":162,"column":35},"skip":true},"54":{"start":{"line":164,"column":8},"end":{"line":164,"column":50},"skip":true},"55":{"start":{"line":166,"column":8},"end":{"line":256,"column":2},"skip":true},"56":{"start":{"line":258,"column":8},"end":{"line":286,"column":9},"skip":true},"57":{"start":{"line":259,"column":12},"end":{"line":269,"column":14},"skip":true},"58":{"start":{"line":271,"column":12},"end":{"line":285,"column":19},"skip":true},"59":{"start":{"line":274,"column":20},"end":{"line":274,"column":35},"skip":true},"60":{"start":{"line":275,"column":20},"end":{"line":284,"column":21},"skip":true},"61":{"start":{"line":277,"column":24},"end":{"line":277,"column":64},"skip":true},"62":{"start":{"line":279,"column":24},"end":{"line":279,"column":40},"skip":true},"63":{"start":{"line":281,"column":24},"end":{"line":281,"column":40},"skip":true},"64":{"start":{"line":283,"column":24},"end":{"line":283,"column":39},"skip":true},"65":{"start":{"line":288,"column":8},"end":{"line":290,"column":9},"skip":true},"66":{"start":{"line":289,"column":12},"end":{"line":289,"column":18},"skip":true},"67":{"start":{"line":291,"column":8},"end":{"line":293,"column":54},"skip":true},"68":{"start":{"line":296,"column":8},"end":{"line":301,"column":37},"skip":true},"69":{"start":{"line":303,"column":8},"end":{"line":303,"column":82},"skip":true},"70":{"start":{"line":306,"column":8},"end":{"line":308,"column":9},"skip":true},"71":{"start":{"line":307,"column":12},"end":{"line":307,"column":82},"skip":true},"72":{"start":{"line":310,"column":8},"end":{"line":312,"column":9},"skip":true},"73":{"start":{"line":311,"column":12},"end":{"line":311,"column":18},"skip":true},"74":{"start":{"line":313,"column":8},"end":{"line":313,"column":54},"skip":true},"75":{"start":{"line":314,"column":8},"end":{"line":314,"column":69},"skip":true},"76":{"start":{"line":315,"column":8},"end":{"line":323,"column":36},"skip":true},"77":{"start":{"line":316,"column":12},"end":{"line":316,"column":61},"skip":true},"78":{"start":{"line":317,"column":12},"end":{"line":320,"column":13},"skip":true},"79":{"start":{"line":318,"column":16},"end":{"line":318,"column":75},"skip":true},"80":{"start":{"line":319,"column":16},"end":{"line":319,"column":23},"skip":true},"81":{"start":{"line":321,"column":12},"end":{"line":321,"column":38},"skip":true},"82":{"start":{"line":322,"column":12},"end":{"line":322,"column":27},"skip":true},"83":{"start":{"line":324,"column":8},"end":{"line":324,"column":14},"skip":true}},"branchMap":{"1":{"line":39,"type":"binary-expr","locations":[{"start":{"line":39,"column":23},"end":{"line":39,"column":62}},{"start":{"line":40,"column":20},"end":{"line":40,"column":70}},{"start":{"line":41,"column":20},"end":{"line":41,"column":71}},{"start":{"line":42,"column":20},"end":{"line":42,"column":29}}]},"2":{"line":44,"type":"binary-expr","locations":[{"start":{"line":44,"column":23},"end":{"line":44,"column":37}},{"start":{"line":45,"column":20},"end":{"line":45,"column":61}},{"start":{"line":46,"column":20},"end":{"line":46,"column":70}},{"start":{"line":47,"column":20},"end":{"line":47,"column":26}}]},"3":{"line":51,"type":"cond-expr","locations":[{"start":{"line":52,"column":14},"end":{"line":52,"column":20}},{"start":{"line":53,"column":14},"end":{"line":53,"column":20}}]},"4":{"line":55,"type":"binary-expr","locations":[{"start":{"line":55,"column":16},"end":{"line":55,"column":44}},{"start":{"line":55,"column":49},"end":{"line":57,"column":43}}]},"5":{"line":55,"type":"cond-expr","locations":[{"start":{"line":56,"column":14},"end":{"line":56,"column":49}},{"start":{"line":57,"column":14},"end":{"line":57,"column":43}}]},"6":{"line":61,"type":"switch","locations":[{"start":{"line":68,"column":4},"end":{"line":150,"column":14},"skip":true},{"start":{"line":156,"column":4},"end":{"line":324,"column":14},"skip":true}]},"7":{"line":70,"type":"if","locations":[{"start":{"line":70,"column":12},"end":{"line":70,"column":12},"skip":true},{"start":{"line":70,"column":12},"end":{"line":70,"column":12},"skip":true}]},"8":{"line":70,"type":"binary-expr","locations":[{"start":{"line":70,"column":16},"end":{"line":70,"column":22},"skip":true},{"start":{"line":70,"column":27},"end":{"line":70,"column":32},"skip":true},{"start":{"line":71,"column":20},"end":{"line":71,"column":39},"skip":true},{"start":{"line":72,"column":20},"end":{"line":72,"column":49},"skip":true},{"start":{"line":73,"column":20},"end":{"line":73,"column":58},"skip":true},{"start":{"line":74,"column":20},"end":{"line":74,"column":69},"skip":true}]},"9":{"line":79,"type":"switch","locations":[{"start":{"line":80,"column":20},"end":{"line":80,"column":33},"skip":true},{"start":{"line":81,"column":20},"end":{"line":83,"column":30},"skip":true},{"start":{"line":84,"column":20},"end":{"line":85,"column":49},"skip":true}]},"10":{"line":89,"type":"switch","locations":[{"start":{"line":90,"column":12},"end":{"line":103,"column":22},"skip":true},{"start":{"line":105,"column":12},"end":{"line":106,"column":22},"skip":true}]},"11":{"line":89,"type":"binary-expr","locations":[{"start":{"line":89,"column":20},"end":{"line":89,"column":25},"skip":true},{"start":{"line":89,"column":29},"end":{"line":89,"column":48},"skip":true},{"start":{"line":89,"column":52},"end":{"line":89,"column":74},"skip":true}]},"12":{"line":92,"type":"if","locations":[{"start":{"line":92,"column":16},"end":{"line":92,"column":16},"skip":true},{"start":{"line":92,"column":16},"end":{"line":92,"column":16},"skip":true}]},"13":{"line":108,"type":"if","locations":[{"start":{"line":108,"column":12},"end":{"line":108,"column":12},"skip":true},{"start":{"line":108,"column":12},"end":{"line":108,"column":12},"skip":true}]},"14":{"line":108,"type":"binary-expr","locations":[{"start":{"line":108,"column":16},"end":{"line":108,"column":61},"skip":true},{"start":{"line":108,"column":66},"end":{"line":108,"column":72},"skip":true},{"start":{"line":108,"column":77},"end":{"line":108,"column":82},"skip":true},{"start":{"line":109,"column":20},"end":{"line":109,"column":39},"skip":true},{"start":{"line":110,"column":20},"end":{"line":110,"column":49},"skip":true},{"start":{"line":111,"column":20},"end":{"line":111,"column":58},"skip":true},{"start":{"line":112,"column":20},"end":{"line":112,"column":68},"skip":true}]},"15":{"line":129,"type":"if","locations":[{"start":{"line":129,"column":16},"end":{"line":129,"column":16},"skip":true},{"start":{"line":129,"column":16},"end":{"line":129,"column":16},"skip":true}]},"16":{"line":134,"type":"cond-expr","locations":[{"start":{"line":135,"column":26},"end":{"line":135,"column":29},"skip":true},{"start":{"line":136,"column":26},"end":{"line":136,"column":54},"skip":true}]},"17":{"line":164,"type":"binary-expr","locations":[{"start":{"line":164,"column":27},"end":{"line":164,"column":43},"skip":true},{"start":{"line":164,"column":47},"end":{"line":164,"column":49},"skip":true}]},"18":{"line":258,"type":"if","locations":[{"start":{"line":258,"column":8},"end":{"line":258,"column":8},"skip":true},{"start":{"line":258,"column":8},"end":{"line":258,"column":8},"skip":true}]},"19":{"line":275,"type":"switch","locations":[{"start":{"line":276,"column":20},"end":{"line":277,"column":64},"skip":true},{"start":{"line":278,"column":20},"end":{"line":279,"column":40},"skip":true},{"start":{"line":280,"column":20},"end":{"line":281,"column":40},"skip":true},{"start":{"line":282,"column":20},"end":{"line":283,"column":39},"skip":true}]},"20":{"line":288,"type":"if","locations":[{"start":{"line":288,"column":8},"end":{"line":288,"column":8},"skip":true},{"start":{"line":288,"column":8},"end":{"line":288,"column":8},"skip":true}]},"21":{"line":288,"type":"binary-expr","locations":[{"start":{"line":288,"column":12},"end":{"line":288,"column":40},"skip":true},{"start":{"line":288,"column":44},"end":{"line":288,"column":67},"skip":true}]},"22":{"line":292,"type":"binary-expr","locations":[{"start":{"line":292,"column":12},"end":{"line":292,"column":50},"skip":true},{"start":{"line":293,"column":12},"end":{"line":293,"column":53},"skip":true}]},"23":{"line":297,"type":"binary-expr","locations":[{"start":{"line":297,"column":12},"end":{"line":297,"column":63},"skip":true},{"start":{"line":298,"column":12},"end":{"line":301,"column":36},"skip":true}]},"24":{"line":303,"type":"binary-expr","locations":[{"start":{"line":303,"column":43},"end":{"line":303,"column":75},"skip":true},{"start":{"line":303,"column":79},"end":{"line":303,"column":81},"skip":true}]},"25":{"line":306,"type":"if","locations":[{"start":{"line":306,"column":8},"end":{"line":306,"column":8},"skip":true},{"start":{"line":306,"column":8},"end":{"line":306,"column":8},"skip":true}]},"26":{"line":310,"type":"if","locations":[{"start":{"line":310,"column":8},"end":{"line":310,"column":8},"skip":true},{"start":{"line":310,"column":8},"end":{"line":310,"column":8},"skip":true}]},"27":{"line":313,"type":"binary-expr","locations":[{"start":{"line":313,"column":27},"end":{"line":313,"column":43},"skip":true},{"start":{"line":313,"column":47},"end":{"line":313,"column":53},"skip":true}]},"28":{"line":317,"type":"if","locations":[{"start":{"line":317,"column":12},"end":{"line":317,"column":12},"skip":true},{"start":{"line":317,"column":12},"end":{"line":317,"column":12},"skip":true}]}},"code":["/*","example.js","","quickstart example","","instruction","    1. save this script as example.js","    2. run the shell command:","        $ npm install npmtest-redux && PORT=8081 node example.js","    3. play with the browser-demo on http://127.0.0.1:8081","*/","","","","/* istanbul instrument in package npmtest_redux */","/*jslint","    bitwise: true,","    browser: true,","    maxerr: 8,","    maxlen: 96,","    node: true,","    nomen: true,","    regexp: true,","    stupid: true","*/","(function () {","    'use strict';","    var local;","","","","    // run shared js-env code - pre-init","    (function () {","        // init local","        local = {};","        // init modeJs","        local.modeJs = (function () {","            try {","                return typeof navigator.userAgent === 'string' &&","                    typeof document.querySelector('body') === 'object' &&","                    typeof XMLHttpRequest.prototype.open === 'function' &&","                    'browser';","            } catch (errorCaughtBrowser) {","                return module.exports &&","                    typeof process.versions.node === 'string' &&","                    typeof require('http').createServer === 'function' &&","                    'node';","            }","        }());","        // init global","        local.global = local.modeJs === 'browser'","            ? window","            : global;","        // init utility2_rollup","        local = local.global.utility2_rollup || (local.modeJs === 'browser'","            ? local.global.utility2_npmtest_redux","            : global.utility2_moduleExports);","        // export local","        local.global.local = local;","    }());","    switch (local.modeJs) {","","","","    // post-init","    // run browser js-env code - post-init","    /* istanbul ignore next */","    case 'browser':","        local.testRunBrowser = function (event) {","            if (!event || (event &&","                    event.currentTarget &&","                    event.currentTarget.className &&","                    event.currentTarget.className.includes &&","                    event.currentTarget.className.includes('onreset'))) {","                // reset output","                Array.from(","                    document.querySelectorAll('body > .resettable')","                ).forEach(function (element) {","                    switch (element.tagName) {","                    case 'INPUT':","                    case 'TEXTAREA':","                        element.value = '';","                        break;","                    default:","                        element.textContent = '';","                    }","                });","            }","            switch (event && event.currentTarget && event.currentTarget.id) {","            case 'testRunButton1':","                // show tests","                if (document.querySelector('#testReportDiv1').style.display === 'none') {","                    document.querySelector('#testReportDiv1').style.display = 'block';","                    document.querySelector('#testRunButton1').textContent =","                        'hide internal test';","                    local.modeTest = true;","                    local.testRunDefault(local);","                // hide tests","                } else {","                    document.querySelector('#testReportDiv1').style.display = 'none';","                    document.querySelector('#testRunButton1').textContent = 'run internal test';","                }","                break;","            // custom-case","            default:","                break;","            }","            if (document.querySelector('#inputTextareaEval1') && (!event || (event &&","                    event.currentTarget &&","                    event.currentTarget.className &&","                    event.currentTarget.className.includes &&","                    event.currentTarget.className.includes('oneval')))) {","                // try to eval input-code","                try {","                    /*jslint evil: true*/","                    eval(document.querySelector('#inputTextareaEval1').value);","                } catch (errorCaught) {","                    console.error(errorCaught);","                }","            }","        };","        // log stderr and stdout to #outputTextareaStdout1","        ['error', 'log'].forEach(function (key) {","            console[key + '_original'] = console[key];","            console[key] = function () {","                var element;","                console[key + '_original'].apply(console, arguments);","                element = document.querySelector('#outputTextareaStdout1');","                if (!element) {","                    return;","                }","                // append text to #outputTextareaStdout1","                element.value += Array.from(arguments).map(function (arg) {","                    return typeof arg === 'string'","                        ? arg","                        : JSON.stringify(arg, null, 4);","                }).join(' ') + '\\n';","                // scroll textarea to bottom","                element.scrollTop = element.scrollHeight;","            };","        });","        // init event-handling","        ['change', 'click', 'keyup'].forEach(function (event) {","            Array.from(document.querySelectorAll('.on' + event)).forEach(function (element) {","                element.addEventListener(event, local.testRunBrowser);","            });","        });","        // run tests","        local.testRunBrowser();","        break;","","","","    // run node js-env code - post-init","    /* istanbul ignore next */","    case 'node':","        // export local","        module.exports = local;","        // require modules","        local.fs = require('fs');","        local.http = require('http');","        local.url = require('url');","        // init assets","        local.assetsDict = local.assetsDict || {};","        /* jslint-ignore-begin */","        local.assetsDict['/assets.index.template.html'] = '\\","<!doctype html>\\n\\","<html lang=\"en\">\\n\\","<head>\\n\\","<meta charset=\"UTF-8\">\\n\\","<meta name=\"viewport\" content=\"width=device-width, initial-scale=1\">\\n\\","<title>{{env.npm_package_name}} (v{{env.npm_package_version}})</title>\\n\\","<style>\\n\\","/*csslint\\n\\","    box-sizing: false,\\n\\","    universal-selector: false\\n\\","*/\\n\\","* {\\n\\","    box-sizing: border-box;\\n\\","}\\n\\","body {\\n\\","    background: #dde;\\n\\","    font-family: Arial, Helvetica, sans-serif;\\n\\","    margin: 2rem;\\n\\","}\\n\\","body > * {\\n\\","    margin-bottom: 1rem;\\n\\","}\\n\\",".utility2FooterDiv {\\n\\","    margin-top: 20px;\\n\\","    text-align: center;\\n\\","}\\n\\","</style>\\n\\","<style>\\n\\","/*csslint\\n\\","*/\\n\\","textarea {\\n\\","    font-family: monospace;\\n\\","    height: 10rem;\\n\\","    width: 100%;\\n\\","}\\n\\","textarea[readonly] {\\n\\","    background: #ddd;\\n\\","}\\n\\","</style>\\n\\","</head>\\n\\","<body>\\n\\","<!-- utility2-comment\\n\\","<div id=\"ajaxProgressDiv1\" style=\"background: #d00; height: 2px; left: 0; margin: 0; padding: 0; position: fixed; top: 0; transition: background 0.5s, width 1.5s; width: 25%;\"></div>\\n\\","utility2-comment -->\\n\\","<h1>\\n\\","<!-- utility2-comment\\n\\","    <a\\n\\","        {{#if env.npm_package_homepage}}\\n\\","        href=\"{{env.npm_package_homepage}}\"\\n\\","        {{/if env.npm_package_homepage}}\\n\\","        target=\"_blank\"\\n\\","    >\\n\\","utility2-comment -->\\n\\","        {{env.npm_package_name}} (v{{env.npm_package_version}})\\n\\","<!-- utility2-comment\\n\\","    </a>\\n\\","utility2-comment -->\\n\\","</h1>\\n\\","<h3>{{env.npm_package_description}}</h3>\\n\\","<!-- utility2-comment\\n\\","<h4><a download href=\"assets.app.js\">download standalone app</a></h4>\\n\\","<button class=\"onclick onreset\" id=\"testRunButton1\">run internal test</button><br>\\n\\","<div id=\"testReportDiv1\" style=\"display: none;\"></div>\\n\\","utility2-comment -->\\n\\","\\n\\","\\n\\","\\n\\","<label>stderr and stdout</label>\\n\\","<textarea class=\"resettable\" id=\"outputTextareaStdout1\" readonly></textarea>\\n\\","<!-- utility2-comment\\n\\","{{#if isRollup}}\\n\\","<script src=\"assets.app.js\"></script>\\n\\","{{#unless isRollup}}\\n\\","utility2-comment -->\\n\\","<script src=\"assets.utility2.rollup.js\"></script>\\n\\","<script src=\"jsonp.utility2._stateInit?callback=window.utility2._stateInit\"></script>\\n\\","<script src=\"assets.npmtest_redux.rollup.js\"></script>\\n\\","<script src=\"assets.example.js\"></script>\\n\\","<script src=\"assets.test.js\"></script>\\n\\","<!-- utility2-comment\\n\\","{{/if isRollup}}\\n\\","utility2-comment -->\\n\\","<div class=\"utility2FooterDiv\">\\n\\","    [ this app was created with\\n\\","    <a href=\"https://github.com/kaizhu256/node-utility2\" target=\"_blank\">utility2</a>\\n\\","    ]\\n\\","</div>\\n\\","</body>\\n\\","</html>\\n\\","';","        /* jslint-ignore-end */","        if (local.templateRender) {","            local.assetsDict['/'] = local.templateRender(","                local.assetsDict['/assets.index.template.html'],","                {","                    env: local.objectSetDefault(local.env, {","                        npm_package_description: 'the greatest app in the world!',","                        npm_package_name: 'my-app',","                        npm_package_nameAlias: 'my_app',","                        npm_package_version: '0.0.1'","                    })","                }","            );","        } else {","            local.assetsDict['/'] = local.assetsDict['/assets.index.template.html']","                .replace((/\\{\\{env\\.(\\w+?)\\}\\}/g), function (match0, match1) {","                    // jslint-hack","                    String(match0);","                    switch (match1) {","                    case 'npm_package_description':","                        return 'the greatest app in the world!';","                    case 'npm_package_name':","                        return 'my-app';","                    case 'npm_package_nameAlias':","                        return 'my_app';","                    case 'npm_package_version':","                        return '0.0.1';","                    }","                });","        }","        // run the cli","        if (local.global.utility2_rollup || module !== require.main) {","            break;","        }","        local.assetsDict['/assets.example.js'] =","            local.assetsDict['/assets.example.js'] ||","            local.fs.readFileSync(__filename, 'utf8');","        // bug-workaround - long $npm_package_buildCustomOrg","        /* jslint-ignore-begin */","        local.assetsDict['/assets.npmtest_redux.rollup.js'] =","            local.assetsDict['/assets.npmtest_redux.rollup.js'] ||","            local.fs.readFileSync(","                local.npmtest_redux.__dirname + '/lib.npmtest_redux.js',","                'utf8'","            ).replace((/^#!/), '//');","        /* jslint-ignore-end */","        local.assetsDict['/favicon.ico'] = local.assetsDict['/favicon.ico'] || '';","        // if $npm_config_timeout_exit exists,","        // then exit this process after $npm_config_timeout_exit ms","        if (Number(process.env.npm_config_timeout_exit)) {","            setTimeout(process.exit, Number(process.env.npm_config_timeout_exit));","        }","        // start server","        if (local.global.utility2_serverHttp1) {","            break;","        }","        process.env.PORT = process.env.PORT || '8081';","        console.error('server starting on port ' + process.env.PORT);","        local.http.createServer(function (request, response) {","            request.urlParsed = local.url.parse(request.url);","            if (local.assetsDict[request.urlParsed.pathname] !== undefined) {","                response.end(local.assetsDict[request.urlParsed.pathname]);","                return;","            }","            response.statusCode = 404;","            response.end();","        }).listen(process.env.PORT);","        break;","    }","}());",""],"l":{"26":2,"28":2,"33":2,"35":2,"37":2,"38":2,"39":2,"44":1,"51":2,"55":2,"59":2,"61":2,"69":1,"70":2,"76":2,"79":2,"82":2,"83":2,"85":1,"89":2,"92":1,"93":1,"94":1,"96":1,"97":1,"100":1,"101":1,"103":1,"106":1,"108":2,"114":1,"116":1,"118":1,"123":1,"124":2,"125":2,"126":3,"127":3,"128":3,"129":3,"130":1,"133":3,"134":3,"139":3,"143":1,"144":3,"145":1,"149":1,"150":1,"158":1,"160":1,"161":1,"162":1,"164":1,"166":1,"258":1,"259":1,"271":1,"274":6,"275":6,"277":1,"279":2,"281":1,"283":2,"288":1,"289":1,"291":1,"296":1,"303":1,"306":1,"307":1,"310":1,"311":1,"313":1,"314":1,"315":1,"316":1,"317":1,"318":1,"319":1,"321":1,"322":1,"324":1}},"/home/travis/build/npmtest/node-npmtest-redux/node_modules/redux/lib/index.js":{"path":"/home/travis/build/npmtest/node-npmtest-redux/node_modules/redux/lib/index.js","s":{"1":1,"2":1,"3":1,"4":1,"5":1,"6":1,"7":1,"8":1,"9":1,"10":1,"11":1,"12":1,"13":1,"14":1,"15":1,"16":6,"17":1,"18":1,"19":0,"20":1,"21":1,"22":1,"23":1,"24":1},"b":{"1":[6,0],"2":[6,6],"3":[0,1],"4":[1,1,1]},"f":{"1":6,"2":0},"fnMap":{"1":{"name":"_interopRequireDefault","line":30,"loc":{"start":{"line":30,"column":0},"end":{"line":30,"column":37}}},"2":{"name":"isCrushed","line":36,"loc":{"start":{"line":36,"column":0},"end":{"line":36,"column":21}}}},"statementMap":{"1":{"start":{"line":3,"column":0},"end":{"line":3,"column":26}},"2":{"start":{"line":4,"column":0},"end":{"line":4,"column":131}},"3":{"start":{"line":6,"column":0},"end":{"line":6,"column":44}},"4":{"start":{"line":8,"column":0},"end":{"line":8,"column":57}},"5":{"start":{"line":10,"column":0},"end":{"line":10,"column":52}},"6":{"start":{"line":12,"column":0},"end":{"line":12,"column":65}},"7":{"start":{"line":14,"column":0},"end":{"line":14,"column":58}},"8":{"start":{"line":16,"column":0},"end":{"line":16,"column":71}},"9":{"start":{"line":18,"column":0},"end":{"line":18,"column":52}},"10":{"start":{"line":20,"column":0},"end":{"line":20,"column":65}},"11":{"start":{"line":22,"column":0},"end":{"line":22,"column":36}},"12":{"start":{"line":24,"column":0},"end":{"line":24,"column":49}},"13":{"start":{"line":26,"column":0},"end":{"line":26,"column":42}},"14":{"start":{"line":28,"column":0},"end":{"line":28,"column":49}},"15":{"start":{"line":30,"column":0},"end":{"line":30,"column":97}},"16":{"start":{"line":30,"column":39},"end":{"line":30,"column":95}},"17":{"start":{"line":36,"column":0},"end":{"line":36,"column":23}},"18":{"start":{"line":38,"column":0},"end":{"line":40,"column":1}},"19":{"start":{"line":39,"column":2},"end":{"line":39,"column":417}},"20":{"start":{"line":42,"column":0},"end":{"line":42,"column":47}},"21":{"start":{"line":43,"column":0},"end":{"line":43,"column":55}},"22":{"start":{"line":44,"column":0},"end":{"line":44,"column":61}},"23":{"start":{"line":45,"column":0},"end":{"line":45,"column":55}},"24":{"start":{"line":46,"column":0},"end":{"line":46,"column":39}}},"branchMap":{"1":{"line":30,"type":"cond-expr","locations":[{"start":{"line":30,"column":70},"end":{"line":30,"column":73}},{"start":{"line":30,"column":76},"end":{"line":30,"column":94}}]},"2":{"line":30,"type":"binary-expr","locations":[{"start":{"line":30,"column":46},"end":{"line":30,"column":49}},{"start":{"line":30,"column":53},"end":{"line":30,"column":67}}]},"3":{"line":38,"type":"if","locations":[{"start":{"line":38,"column":0},"end":{"line":38,"column":0}},{"start":{"line":38,"column":0},"end":{"line":38,"column":0}}]},"4":{"line":38,"type":"binary-expr","locations":[{"start":{"line":38,"column":4},"end":{"line":38,"column":41}},{"start":{"line":38,"column":45},"end":{"line":38,"column":79}},{"start":{"line":38,"column":83},"end":{"line":38,"column":113}}]}},"code":["'use strict';","","exports.__esModule = true;","exports.compose = exports.applyMiddleware = exports.bindActionCreators = exports.combineReducers = exports.createStore = undefined;","","var _createStore = require('./createStore');","","var _createStore2 = _interopRequireDefault(_createStore);","","var _combineReducers = require('./combineReducers');","","var _combineReducers2 = _interopRequireDefault(_combineReducers);","","var _bindActionCreators = require('./bindActionCreators');","","var _bindActionCreators2 = _interopRequireDefault(_bindActionCreators);","","var _applyMiddleware = require('./applyMiddleware');","","var _applyMiddleware2 = _interopRequireDefault(_applyMiddleware);","","var _compose = require('./compose');","","var _compose2 = _interopRequireDefault(_compose);","","var _warning = require('./utils/warning');","","var _warning2 = _interopRequireDefault(_warning);","","function _interopRequireDefault(obj) { return obj && obj.__esModule ? obj : { 'default': obj }; }","","/*","* This is a dummy function to check if the function name has been altered by minification.","* If the function has been minified and NODE_ENV !== 'production', warn the user.","*/","function isCrushed() {}","","if (process.env.NODE_ENV !== 'production' && typeof isCrushed.name === 'string' && isCrushed.name !== 'isCrushed') {","  (0, _warning2['default'])('You are currently using minified code outside of NODE_ENV === \\'production\\'. ' + 'This means that you are running a slower development build of Redux. ' + 'You can use loose-envify (https://github.com/zertosh/loose-envify) for browserify ' + 'or DefinePlugin for webpack (http://stackoverflow.com/questions/30030031) ' + 'to ensure you have the correct code for your production build.');","}","","exports.createStore = _createStore2['default'];","exports.combineReducers = _combineReducers2['default'];","exports.bindActionCreators = _bindActionCreators2['default'];","exports.applyMiddleware = _applyMiddleware2['default'];","exports.compose = _compose2['default'];"],"l":{"3":1,"4":1,"6":1,"8":1,"10":1,"12":1,"14":1,"16":1,"18":1,"20":1,"22":1,"24":1,"26":1,"28":1,"30":6,"36":1,"38":1,"39":0,"42":1,"43":1,"44":1,"45":1,"46":1}},"/home/travis/build/npmtest/node-npmtest-redux/node_modules/redux/lib/createStore.js":{"path":"/home/travis/build/npmtest/node-npmtest-redux/node_modules/redux/lib/createStore.js","s":{"1":1,"2":1,"3":1,"4":1,"5":1,"6":1,"7":1,"8":1,"9":2,"10":1,"11":1,"12":0,"13":0,"14":0,"15":0,"16":0,"17":0,"18":0,"19":0,"20":0,"21":0,"22":0,"23":0,"24":0,"25":0,"26":0,"27":1,"28":0,"29":0,"30":1,"31":0,"32":1,"33":0,"34":0,"35":0,"36":0,"37":0,"38":0,"39":0,"40":0,"41":0,"42":0,"43":0,"44":0,"45":1,"46":0,"47":0,"48":0,"49":0,"50":0,"51":0,"52":0,"53":0,"54":0,"55":0,"56":0,"57":0,"58":0,"59":0,"60":1,"61":0,"62":0,"63":0,"64":0,"65":1,"66":0,"67":0,"68":0,"69":0,"70":0,"71":1,"72":0,"73":0,"74":0,"75":0,"76":0,"77":0,"78":0,"79":0},"b":{"1":[1,1],"2":[2,2],"3":[0,0],"4":[0,0],"5":[0,0],"6":[0,0],"7":[0,0],"8":[0,0],"9":[0,0],"10":[0,0],"11":[0,0],"12":[0,0],"13":[0,0],"14":[0,0],"15":[0,0],"16":[0,0]},"f":{"1":2,"2":0,"3":0,"4":0,"5":0,"6":0,"7":0,"8":0,"9":0,"10":0,"11":0,"12":0},"fnMap":{"1":{"name":"_interopRequireDefault","line":15,"loc":{"start":{"line":15,"column":0},"end":{"line":15,"column":37}}},"2":{"name":"createStore","line":52,"loc":{"start":{"line":52,"column":0},"end":{"line":52,"column":56}}},"3":{"name":"ensureCanMutateNextListeners","line":78,"loc":{"start":{"line":78,"column":2},"end":{"line":78,"column":42}}},"4":{"name":"getState","line":89,"loc":{"start":{"line":89,"column":2},"end":{"line":89,"column":22}}},"5":{"name":"subscribe","line":116,"loc":{"start":{"line":116,"column":2},"end":{"line":116,"column":31}}},"6":{"name":"unsubscribe","line":126,"loc":{"start":{"line":126,"column":11},"end":{"line":126,"column":34}}},"7":{"name":"dispatch","line":164,"loc":{"start":{"line":164,"column":2},"end":{"line":164,"column":28}}},"8":{"name":"replaceReducer","line":202,"loc":{"start":{"line":202,"column":2},"end":{"line":202,"column":39}}},"9":{"name":"observable","line":217,"loc":{"start":{"line":217,"column":2},"end":{"line":217,"column":24}}},"10":{"name":"subscribe","line":230,"loc":{"start":{"line":230,"column":17},"end":{"line":230,"column":46}}},"11":{"name":"observeState","line":235,"loc":{"start":{"line":235,"column":8},"end":{"line":235,"column":32}}},"12":{"name":"(anonymous_12)","line":245,"loc":{"start":{"line":245,"column":45},"end":{"line":245,"column":57}}}},"statementMap":{"1":{"start":{"line":3,"column":0},"end":{"line":3,"column":26}},"2":{"start":{"line":4,"column":0},"end":{"line":4,"column":32}},"3":{"start":{"line":5,"column":0},"end":{"line":5,"column":33}},"4":{"start":{"line":7,"column":0},"end":{"line":7,"column":53}},"5":{"start":{"line":9,"column":0},"end":{"line":9,"column":61}},"6":{"start":{"line":11,"column":0},"end":{"line":11,"column":53}},"7":{"start":{"line":13,"column":0},"end":{"line":13,"column":67}},"8":{"start":{"line":15,"column":0},"end":{"line":15,"column":97}},"9":{"start":{"line":15,"column":39},"end":{"line":15,"column":95}},"10":{"start":{"line":23,"column":0},"end":{"line":25,"column":2}},"11":{"start":{"line":52,"column":0},"end":{"line":261,"column":1}},"12":{"start":{"line":53,"column":2},"end":{"line":53,"column":12}},"13":{"start":{"line":55,"column":2},"end":{"line":58,"column":3}},"14":{"start":{"line":56,"column":4},"end":{"line":56,"column":30}},"15":{"start":{"line":57,"column":4},"end":{"line":57,"column":31}},"16":{"start":{"line":60,"column":2},"end":{"line":66,"column":3}},"17":{"start":{"line":61,"column":4},"end":{"line":63,"column":5}},"18":{"start":{"line":62,"column":6},"end":{"line":62,"column":65}},"19":{"start":{"line":65,"column":4},"end":{"line":65,"column":58}},"20":{"start":{"line":68,"column":2},"end":{"line":70,"column":3}},"21":{"start":{"line":69,"column":4},"end":{"line":69,"column":62}},"22":{"start":{"line":72,"column":2},"end":{"line":72,"column":31}},"23":{"start":{"line":73,"column":2},"end":{"line":73,"column":36}},"24":{"start":{"line":74,"column":2},"end":{"line":74,"column":28}},"25":{"start":{"line":75,"column":2},"end":{"line":75,"column":39}},"26":{"start":{"line":76,"column":2},"end":{"line":76,"column":28}},"27":{"start":{"line":78,"column":2},"end":{"line":82,"column":3}},"28":{"start":{"line":79,"column":4},"end":{"line":81,"column":5}},"29":{"start":{"line":80,"column":6},"end":{"line":80,"column":47}},"30":{"start":{"line":89,"column":2},"end":{"line":91,"column":3}},"31":{"start":{"line":90,"column":4},"end":{"line":90,"column":24}},"32":{"start":{"line":116,"column":2},"end":{"line":137,"column":3}},"33":{"start":{"line":117,"column":4},"end":{"line":119,"column":5}},"34":{"start":{"line":118,"column":6},"end":{"line":118,"column":61}},"35":{"start":{"line":121,"column":4},"end":{"line":121,"column":28}},"36":{"start":{"line":123,"column":4},"end":{"line":123,"column":35}},"37":{"start":{"line":124,"column":4},"end":{"line":124,"column":33}},"38":{"start":{"line":126,"column":4},"end":{"line":136,"column":6}},"39":{"start":{"line":127,"column":6},"end":{"line":129,"column":7}},"40":{"start":{"line":128,"column":8},"end":{"line":128,"column":15}},"41":{"start":{"line":131,"column":6},"end":{"line":131,"column":27}},"42":{"start":{"line":133,"column":6},"end":{"line":133,"column":37}},"43":{"start":{"line":134,"column":6},"end":{"line":134,"column":50}},"44":{"start":{"line":135,"column":6},"end":{"line":135,"column":37}},"45":{"start":{"line":164,"column":2},"end":{"line":190,"column":3}},"46":{"start":{"line":165,"column":4},"end":{"line":167,"column":5}},"47":{"start":{"line":166,"column":6},"end":{"line":166,"column":102}},"48":{"start":{"line":169,"column":4},"end":{"line":171,"column":5}},"49":{"start":{"line":170,"column":6},"end":{"line":170,"column":113}},"50":{"start":{"line":173,"column":4},"end":{"line":175,"column":5}},"51":{"start":{"line":174,"column":6},"end":{"line":174,"column":60}},"52":{"start":{"line":177,"column":4},"end":{"line":182,"column":5}},"53":{"start":{"line":178,"column":6},"end":{"line":178,"column":27}},"54":{"start":{"line":179,"column":6},"end":{"line":179,"column":58}},"55":{"start":{"line":181,"column":6},"end":{"line":181,"column":28}},"56":{"start":{"line":184,"column":4},"end":{"line":184,"column":53}},"57":{"start":{"line":185,"column":4},"end":{"line":187,"column":5}},"58":{"start":{"line":186,"column":6},"end":{"line":186,"column":21}},"59":{"start":{"line":189,"column":4},"end":{"line":189,"column":18}},"60":{"start":{"line":202,"column":2},"end":{"line":209,"column":3}},"61":{"start":{"line":203,"column":4},"end":{"line":205,"column":5}},"62":{"start":{"line":204,"column":6},"end":{"line":204,"column":68}},"63":{"start":{"line":207,"column":4},"end":{"line":207,"column":33}},"64":{"start":{"line":208,"column":4},"end":{"line":208,"column":41}},"65":{"start":{"line":217,"column":2},"end":{"line":248,"column":3}},"66":{"start":{"line":218,"column":4},"end":{"line":218,"column":13}},"67":{"start":{"line":220,"column":4},"end":{"line":220,"column":35}},"68":{"start":{"line":221,"column":4},"end":{"line":247,"column":12}},"69":{"start":{"line":231,"column":8},"end":{"line":233,"column":9}},"70":{"start":{"line":232,"column":10},"end":{"line":232,"column":72}},"71":{"start":{"line":235,"column":8},"end":{"line":239,"column":9}},"72":{"start":{"line":236,"column":10},"end":{"line":238,"column":11}},"73":{"start":{"line":237,"column":12},"end":{"line":237,"column":38}},"74":{"start":{"line":241,"column":8},"end":{"line":241,"column":23}},"75":{"start":{"line":242,"column":8},"end":{"line":242,"column":55}},"76":{"start":{"line":243,"column":8},"end":{"line":243,"column":44}},"77":{"start":{"line":246,"column":6},"end":{"line":246,"column":18}},"78":{"start":{"line":253,"column":2},"end":{"line":253,"column":39}},"79":{"start":{"line":255,"column":2},"end":{"line":260,"column":62}}},"branchMap":{"1":{"line":15,"type":"cond-expr","locations":[{"start":{"line":15,"column":70},"end":{"line":15,"column":73}},{"start":{"line":15,"column":76},"end":{"line":15,"column":94}}]},"2":{"line":15,"type":"binary-expr","locations":[{"start":{"line":15,"column":46},"end":{"line":15,"column":49}},{"start":{"line":15,"column":53},"end":{"line":15,"column":67}}]},"3":{"line":55,"type":"if","locations":[{"start":{"line":55,"column":2},"end":{"line":55,"column":2}},{"start":{"line":55,"column":2},"end":{"line":55,"column":2}}]},"4":{"line":55,"type":"binary-expr","locations":[{"start":{"line":55,"column":6},"end":{"line":55,"column":42}},{"start":{"line":55,"column":46},"end":{"line":55,"column":77}}]},"5":{"line":60,"type":"if","locations":[{"start":{"line":60,"column":2},"end":{"line":60,"column":2}},{"start":{"line":60,"column":2},"end":{"line":60,"column":2}}]},"6":{"line":61,"type":"if","locations":[{"start":{"line":61,"column":4},"end":{"line":61,"column":4}},{"start":{"line":61,"column":4},"end":{"line":61,"column":4}}]},"7":{"line":68,"type":"if","locations":[{"start":{"line":68,"column":2},"end":{"line":68,"column":2}},{"start":{"line":68,"column":2},"end":{"line":68,"column":2}}]},"8":{"line":79,"type":"if","locations":[{"start":{"line":79,"column":4},"end":{"line":79,"column":4}},{"start":{"line":79,"column":4},"end":{"line":79,"column":4}}]},"9":{"line":117,"type":"if","locations":[{"start":{"line":117,"column":4},"end":{"line":117,"column":4}},{"start":{"line":117,"column":4},"end":{"line":117,"column":4}}]},"10":{"line":127,"type":"if","locations":[{"start":{"line":127,"column":6},"end":{"line":127,"column":6}},{"start":{"line":127,"column":6},"end":{"line":127,"column":6}}]},"11":{"line":165,"type":"if","locations":[{"start":{"line":165,"column":4},"end":{"line":165,"column":4}},{"start":{"line":165,"column":4},"end":{"line":165,"column":4}}]},"12":{"line":169,"type":"if","locations":[{"start":{"line":169,"column":4},"end":{"line":169,"column":4}},{"start":{"line":169,"column":4},"end":{"line":169,"column":4}}]},"13":{"line":173,"type":"if","locations":[{"start":{"line":173,"column":4},"end":{"line":173,"column":4}},{"start":{"line":173,"column":4},"end":{"line":173,"column":4}}]},"14":{"line":203,"type":"if","locations":[{"start":{"line":203,"column":4},"end":{"line":203,"column":4}},{"start":{"line":203,"column":4},"end":{"line":203,"column":4}}]},"15":{"line":231,"type":"if","locations":[{"start":{"line":231,"column":8},"end":{"line":231,"column":8}},{"start":{"line":231,"column":8},"end":{"line":231,"column":8}}]},"16":{"line":236,"type":"if","locations":[{"start":{"line":236,"column":10},"end":{"line":236,"column":10}},{"start":{"line":236,"column":10},"end":{"line":236,"column":10}}]}},"code":["'use strict';","","exports.__esModule = true;","exports.ActionTypes = undefined;","exports['default'] = createStore;","","var _isPlainObject = require('lodash/isPlainObject');","","var _isPlainObject2 = _interopRequireDefault(_isPlainObject);","","var _symbolObservable = require('symbol-observable');","","var _symbolObservable2 = _interopRequireDefault(_symbolObservable);","","function _interopRequireDefault(obj) { return obj && obj.__esModule ? obj : { 'default': obj }; }","","/**"," * These are private action types reserved by Redux."," * For any unknown actions, you must return the current state."," * If the current state is undefined, you must return the initial state."," * Do not reference these action types directly in your code."," */","var ActionTypes = exports.ActionTypes = {","  INIT: '@@redux/INIT'","};","","/**"," * Creates a Redux store that holds the state tree."," * The only way to change the data in the store is to call `dispatch()` on it."," *"," * There should only be a single store in your app. To specify how different"," * parts of the state tree respond to actions, you may combine several reducers"," * into a single reducer function by using `combineReducers`."," *"," * @param {Function} reducer A function that returns the next state tree, given"," * the current state tree and the action to handle."," *"," * @param {any} [preloadedState] The initial state. You may optionally specify it"," * to hydrate the state from the server in universal apps, or to restore a"," * previously serialized user session."," * If you use `combineReducers` to produce the root reducer function, this must be"," * an object with the same shape as `combineReducers` keys."," *"," * @param {Function} enhancer The store enhancer. You may optionally specify it"," * to enhance the store with third-party capabilities such as middleware,"," * time travel, persistence, etc. The only store enhancer that ships with Redux"," * is `applyMiddleware()`."," *"," * @returns {Store} A Redux store that lets you read the state, dispatch actions"," * and subscribe to changes."," */","function createStore(reducer, preloadedState, enhancer) {","  var _ref2;","","  if (typeof preloadedState === 'function' && typeof enhancer === 'undefined') {","    enhancer = preloadedState;","    preloadedState = undefined;","  }","","  if (typeof enhancer !== 'undefined') {","    if (typeof enhancer !== 'function') {","      throw new Error('Expected the enhancer to be a function.');","    }","","    return enhancer(createStore)(reducer, preloadedState);","  }","","  if (typeof reducer !== 'function') {","    throw new Error('Expected the reducer to be a function.');","  }","","  var currentReducer = reducer;","  var currentState = preloadedState;","  var currentListeners = [];","  var nextListeners = currentListeners;","  var isDispatching = false;","","  function ensureCanMutateNextListeners() {","    if (nextListeners === currentListeners) {","      nextListeners = currentListeners.slice();","    }","  }","","  /**","   * Reads the state tree managed by the store.","   *","   * @returns {any} The current state tree of your application.","   */","  function getState() {","    return currentState;","  }","","  /**","   * Adds a change listener. It will be called any time an action is dispatched,","   * and some part of the state tree may potentially have changed. You may then","   * call `getState()` to read the current state tree inside the callback.","   *","   * You may call `dispatch()` from a change listener, with the following","   * caveats:","   *","   * 1. The subscriptions are snapshotted just before every `dispatch()` call.","   * If you subscribe or unsubscribe while the listeners are being invoked, this","   * will not have any effect on the `dispatch()` that is currently in progress.","   * However, the next `dispatch()` call, whether nested or not, will use a more","   * recent snapshot of the subscription list.","   *","   * 2. The listener should not expect to see all state changes, as the state","   * might have been updated multiple times during a nested `dispatch()` before","   * the listener is called. It is, however, guaranteed that all subscribers","   * registered before the `dispatch()` started will be called with the latest","   * state by the time it exits.","   *","   * @param {Function} listener A callback to be invoked on every dispatch.","   * @returns {Function} A function to remove this change listener.","   */","  function subscribe(listener) {","    if (typeof listener !== 'function') {","      throw new Error('Expected listener to be a function.');","    }","","    var isSubscribed = true;","","    ensureCanMutateNextListeners();","    nextListeners.push(listener);","","    return function unsubscribe() {","      if (!isSubscribed) {","        return;","      }","","      isSubscribed = false;","","      ensureCanMutateNextListeners();","      var index = nextListeners.indexOf(listener);","      nextListeners.splice(index, 1);","    };","  }","","  /**","   * Dispatches an action. It is the only way to trigger a state change.","   *","   * The `reducer` function, used to create the store, will be called with the","   * current state tree and the given `action`. Its return value will","   * be considered the **next** state of the tree, and the change listeners","   * will be notified.","   *","   * The base implementation only supports plain object actions. If you want to","   * dispatch a Promise, an Observable, a thunk, or something else, you need to","   * wrap your store creating function into the corresponding middleware. For","   * example, see the documentation for the `redux-thunk` package. Even the","   * middleware will eventually dispatch plain object actions using this method.","   *","   * @param {Object} action A plain object representing “what changed”. It is","   * a good idea to keep actions serializable so you can record and replay user","   * sessions, or use the time travelling `redux-devtools`. An action must have","   * a `type` property which may not be `undefined`. It is a good idea to use","   * string constants for action types.","   *","   * @returns {Object} For convenience, the same action object you dispatched.","   *","   * Note that, if you use a custom middleware, it may wrap `dispatch()` to","   * return something else (for example, a Promise you can await).","   */","  function dispatch(action) {","    if (!(0, _isPlainObject2['default'])(action)) {","      throw new Error('Actions must be plain objects. ' + 'Use custom middleware for async actions.');","    }","","    if (typeof action.type === 'undefined') {","      throw new Error('Actions may not have an undefined \"type\" property. ' + 'Have you misspelled a constant?');","    }","","    if (isDispatching) {","      throw new Error('Reducers may not dispatch actions.');","    }","","    try {","      isDispatching = true;","      currentState = currentReducer(currentState, action);","    } finally {","      isDispatching = false;","    }","","    var listeners = currentListeners = nextListeners;","    for (var i = 0; i < listeners.length; i++) {","      listeners[i]();","    }","","    return action;","  }","","  /**","   * Replaces the reducer currently used by the store to calculate the state.","   *","   * You might need this if your app implements code splitting and you want to","   * load some of the reducers dynamically. You might also need this if you","   * implement a hot reloading mechanism for Redux.","   *","   * @param {Function} nextReducer The reducer for the store to use instead.","   * @returns {void}","   */","  function replaceReducer(nextReducer) {","    if (typeof nextReducer !== 'function') {","      throw new Error('Expected the nextReducer to be a function.');","    }","","    currentReducer = nextReducer;","    dispatch({ type: ActionTypes.INIT });","  }","","  /**","   * Interoperability point for observable/reactive libraries.","   * @returns {observable} A minimal observable of state changes.","   * For more information, see the observable proposal:","   * https://github.com/zenparsing/es-observable","   */","  function observable() {","    var _ref;","","    var outerSubscribe = subscribe;","    return _ref = {","      /**","       * The minimal observable subscription method.","       * @param {Object} observer Any object that can be used as an observer.","       * The observer object should have a `next` method.","       * @returns {subscription} An object with an `unsubscribe` method that can","       * be used to unsubscribe the observable from the store, and prevent further","       * emission of values from the observable.","       */","      subscribe: function subscribe(observer) {","        if (typeof observer !== 'object') {","          throw new TypeError('Expected the observer to be an object.');","        }","","        function observeState() {","          if (observer.next) {","            observer.next(getState());","          }","        }","","        observeState();","        var unsubscribe = outerSubscribe(observeState);","        return { unsubscribe: unsubscribe };","      }","    }, _ref[_symbolObservable2['default']] = function () {","      return this;","    }, _ref;","  }","","  // When a store is created, an \"INIT\" action is dispatched so that every","  // reducer returns their initial state. This effectively populates","  // the initial state tree.","  dispatch({ type: ActionTypes.INIT });","","  return _ref2 = {","    dispatch: dispatch,","    subscribe: subscribe,","    getState: getState,","    replaceReducer: replaceReducer","  }, _ref2[_symbolObservable2['default']] = observable, _ref2;","}"],"l":{"3":1,"4":1,"5":1,"7":1,"9":1,"11":1,"13":1,"15":2,"23":1,"52":1,"53":0,"55":0,"56":0,"57":0,"60":0,"61":0,"62":0,"65":0,"68":0,"69":0,"72":0,"73":0,"74":0,"75":0,"76":0,"78":1,"79":0,"80":0,"89":1,"90":0,"116":1,"117":0,"118":0,"121":0,"123":0,"124":0,"126":0,"127":0,"128":0,"131":0,"133":0,"134":0,"135":0,"164":1,"165":0,"166":0,"169":0,"170":0,"173":0,"174":0,"177":0,"178":0,"179":0,"181":0,"184":0,"185":0,"186":0,"189":0,"202":1,"203":0,"204":0,"207":0,"208":0,"217":1,"218":0,"220":0,"221":0,"231":0,"232":0,"235":1,"236":0,"237":0,"241":0,"242":0,"243":0,"246":0,"253":0,"255":0}},"/home/travis/build/npmtest/node-npmtest-redux/node_modules/redux/lib/combineReducers.js":{"path":"/home/travis/build/npmtest/node-npmtest-redux/node_modules/redux/lib/combineReducers.js","s":{"1":1,"2":1,"3":1,"4":1,"5":1,"6":1,"7":1,"8":1,"9":2,"10":1,"11":0,"12":0,"13":0,"14":1,"15":0,"16":0,"17":0,"18":0,"19":0,"20":0,"21":0,"22":0,"23":0,"24":0,"25":0,"26":0,"27":1,"28":0,"29":0,"30":0,"31":0,"32":0,"33":0,"34":0,"35":0,"36":1,"37":0,"38":0,"39":0,"40":0,"41":0,"42":0,"43":0,"44":0,"45":0,"46":0,"47":0,"48":0,"49":0,"50":0,"51":0,"52":0,"53":0,"54":0,"55":0,"56":0,"57":0,"58":0,"59":0,"60":0,"61":0,"62":0,"63":0,"64":0,"65":0,"66":0,"67":0,"68":0,"69":0,"70":0,"71":0,"72":0,"73":0,"74":0},"b":{"1":[1,1],"2":[2,2],"3":[0,0],"4":[0,0,0],"5":[0,0],"6":[0,0],"7":[0,0],"8":[0,0],"9":[0,0],"10":[0,0],"11":[0,0],"12":[0,0],"13":[0,0],"14":[0,0],"15":[0,0],"16":[0,0],"17":[0,0],"18":[0,0],"19":[0,0],"20":[0,0],"21":[0,0],"22":[0,0],"23":[0,0],"24":[0,0],"25":[0,0]},"f":{"1":2,"2":0,"3":0,"4":0,"5":0,"6":0,"7":0,"8":0,"9":0},"fnMap":{"1":{"name":"_interopRequireDefault","line":16,"loc":{"start":{"line":16,"column":0},"end":{"line":16,"column":37}}},"2":{"name":"getUndefinedStateErrorMessage","line":18,"loc":{"start":{"line":18,"column":0},"end":{"line":18,"column":52}}},"3":{"name":"getUnexpectedStateShapeWarningMessage","line":25,"loc":{"start":{"line":25,"column":0},"end":{"line":25,"column":97}}},"4":{"name":"(anonymous_4)","line":37,"loc":{"start":{"line":37,"column":54},"end":{"line":37,"column":69}}},"5":{"name":"(anonymous_5)","line":41,"loc":{"start":{"line":41,"column":25},"end":{"line":41,"column":40}}},"6":{"name":"assertReducerSanity","line":50,"loc":{"start":{"line":50,"column":0},"end":{"line":50,"column":39}}},"7":{"name":"(anonymous_7)","line":51,"loc":{"start":{"line":51,"column":32},"end":{"line":51,"column":47}}},"8":{"name":"combineReducers","line":82,"loc":{"start":{"line":82,"column":0},"end":{"line":82,"column":35}}},"9":{"name":"combination","line":111,"loc":{"start":{"line":111,"column":9},"end":{"line":111,"column":32}}}},"statementMap":{"1":{"start":{"line":3,"column":0},"end":{"line":3,"column":26}},"2":{"start":{"line":4,"column":0},"end":{"line":4,"column":37}},"3":{"start":{"line":6,"column":0},"end":{"line":6,"column":44}},"4":{"start":{"line":8,"column":0},"end":{"line":8,"column":53}},"5":{"start":{"line":10,"column":0},"end":{"line":10,"column":61}},"6":{"start":{"line":12,"column":0},"end":{"line":12,"column":42}},"7":{"start":{"line":14,"column":0},"end":{"line":14,"column":49}},"8":{"start":{"line":16,"column":0},"end":{"line":16,"column":97}},"9":{"start":{"line":16,"column":39},"end":{"line":16,"column":95}},"10":{"start":{"line":18,"column":0},"end":{"line":23,"column":1}},"11":{"start":{"line":19,"column":2},"end":{"line":19,"column":41}},"12":{"start":{"line":20,"column":2},"end":{"line":20,"column":82}},"13":{"start":{"line":22,"column":2},"end":{"line":22,"column":159}},"14":{"start":{"line":25,"column":0},"end":{"line":48,"column":1}},"15":{"start":{"line":26,"column":2},"end":{"line":26,"column":42}},"16":{"start":{"line":27,"column":2},"end":{"line":27,"column":170}},"17":{"start":{"line":29,"column":2},"end":{"line":31,"column":3}},"18":{"start":{"line":30,"column":4},"end":{"line":30,"column":144}},"19":{"start":{"line":33,"column":2},"end":{"line":35,"column":3}},"20":{"start":{"line":34,"column":4},"end":{"line":34,"column":229}},"21":{"start":{"line":37,"column":2},"end":{"line":39,"column":5}},"22":{"start":{"line":38,"column":4},"end":{"line":38,"column":69}},"23":{"start":{"line":41,"column":2},"end":{"line":43,"column":5}},"24":{"start":{"line":42,"column":4},"end":{"line":42,"column":35}},"25":{"start":{"line":45,"column":2},"end":{"line":47,"column":3}},"26":{"start":{"line":46,"column":4},"end":{"line":46,"column":290}},"27":{"start":{"line":50,"column":0},"end":{"line":64,"column":1}},"28":{"start
[...]
y not be undefined.');","    }","  });","}","","/**"," * Turns an object whose values are different reducer functions, into a single"," * reducer function. It will call every child reducer, and gather their results"," * into a single state object, whose keys correspond to the keys of the passed"," * reducer functions."," *"," * @param {Object} reducers An object whose values correspond to different"," * reducer functions that need to be combined into one. One handy way to obtain"," * it is to use ES6 `import * as reducers` syntax. The reducers may never return"," * undefined for any action. Instead, they should return their initial state"," * if the state passed to them was undefined, and the current state for any"," * unrecognized action."," *"," * @returns {Function} A reducer function that invokes every reducer inside the"," * passed object, and builds a state object with the same shape."," */","function combineReducers(reducers) {","  var reducerKeys = Object.keys(reducers);","  var finalReducers = {};","  for (var i = 0; i < reducerKeys.length; i++) {","    var key = reducerKeys[i];","","    if (process.env.NODE_ENV !== 'production') {","      if (typeof reducers[key] === 'undefined') {","        (0, _warning2['default'])('No reducer provided for key \"' + key + '\"');","      }","    }","","    if (typeof reducers[key] === 'function') {","      finalReducers[key] = reducers[key];","    }","  }","  var finalReducerKeys = Object.keys(finalReducers);","","  if (process.env.NODE_ENV !== 'production') {","    var unexpectedKeyCache = {};","  }","","  var sanityError;","  try {","    assertReducerSanity(finalReducers);","  } catch (e) {","    sanityError = e;","  }","","  return function combination() {","    var state = arguments.length <= 0 || arguments[0] === undefined ? {} : arguments[0];","    var action = arguments[1];","","    if (sanityError) {","      throw sanityError;","    }","","    if (process.env.NODE_ENV !== 'production') {","      var warningMessage = getUnexpectedStateShapeWarningMessage(state, finalReducers, action, unexpectedKeyCache);","      if (warningMessage) {","        (0, _warning2['default'])(warningMessage);","      }","    }","","    var hasChanged = false;","    var nextState = {};","    for (var i = 0; i < finalReducerKeys.length; i++) {","      var key = finalReducerKeys[i];","      var reducer = finalReducers[key];","      var previousStateForKey = state[key];","      var nextStateForKey = reducer(previousStateForKey, action);","      if (typeof nextStateForKey === 'undefined') {","        var errorMessage = getUndefinedStateErrorMessage(key, action);","        throw new Error(errorMessage);","      }","      nextState[key] = nextStateForKey;","      hasChanged = hasChanged || nextStateForKey !== previousStateForKey;","    }","    return hasChanged ? nextState : state;","  };","}"],"l":{"3":1,"4":1,"6":1,"8":1,"10":1,"12":1,"14":1,"16":2,"18":1,"19":0,"20":0,"22":0,"25":1,"26":0,"27":0,"29":0,"30":0,"33":0,"34":0,"37":0,"38":0,"41":0,"42":0,"45":0,"46":0,"50":1,"51":0,"52":0,"53":0,"55":0,"56":0,"59":0,"60":0,"61":0,"82":1,"83":0,"84":0,"85":0,"86":0,"88":0,"89":0,"90":0,"94":0,"95":0,"98":0,"100":0,"101":0,"104":0,"105":0,"106":0,"108":0,"111":0,"112":0,"113":0,"115":0,"116":0,"119":0,"120":0,"121":0,"122":0,"126":0,"127":0,"128":0,"129":0,"130":0,"131":0,"132":0,"133":0,"134":0,"135":0,"137":0,"138":0,"140":0}},"/home/travis/build/npmtest/node-npmtest-redux/node_modules/redux/lib/utils/warning.js":{"path":"/home/travis/build/npmtest/node-npmtest-redux/node_modules/redux/lib/utils/warning.js","s":{"1":1,"2":1,"3":1,"4":0,"5":0,"6":0,"7":0},"b":{"1":[0,0],"2":[0,0]},"f":{"1":0},"fnMap":{"1":{"name":"warning","line":11,"loc":{"start":{"line":11,"column":0},"end":{"line":11,"column":26}}}},"statementMap":{"1":{"start":{"line":3,"column":0},"end":{"line":3,"column":26}},"2":{"start":{"line":4,"column":0},"end":{"line":4,"column":29}},"3":{"start":{"line":11,"column":0},"end":{"line":25,"column":1}},"4":{"start":{"line":13,"column":2},"end":{"line":15,"column":3}},"5":{"start":{"line":14,"column":4},"end":{"line":14,"column":27}},"6":{"start":{"line":17,"column":2},"end":{"line":23,"column":16}},"7":{"start":{"line":21,"column":4},"end":{"line":21,"column":29}}},"branchMap":{"1":{"line":13,"type":"if","locations":[{"start":{"line":13,"column":2},"end":{"line":13,"column":2}},{"start":{"line":13,"column":2},"end":{"line":13,"column":2}}]},"2":{"line":13,"type":"binary-expr","locations":[{"start":{"line":13,"column":6},"end":{"line":13,"column":36}},{"start":{"line":13,"column":40},"end":{"line":13,"column":75}}]}},"code":["'use strict';","","exports.__esModule = true;","exports['default'] = warning;","/**"," * Prints a warning in the console if it exists."," *"," * @param {String} message The warning message."," * @returns {void}"," */","function warning(message) {","  /* eslint-disable no-console */","  if (typeof console !== 'undefined' && typeof console.error === 'function') {","    console.error(message);","  }","  /* eslint-enable no-console */","  try {","    // This error was thrown as a convenience so that if you enable","    // \"break on all exceptions\" in your console,","    // it would pause the execution at this line.","    throw new Error(message);","    /* eslint-disable no-empty */","  } catch (e) {}","  /* eslint-enable no-empty */","}"],"l":{"3":1,"4":1,"11":1,"13":0,"14":0,"17":0,"21":0}},"/home/travis/build/npmtest/node-npmtest-redux/node_modules/redux/lib/bindActionCreators.js":{"path":"/home/travis/build/npmtest/node-npmtest-redux/node_modules/redux/lib/bindActionCreators.js","s":{"1":1,"2":1,"3":1,"4":0,"5":0,"6":1,"7":0,"8":0,"9":0,"10":0,"11":0,"12":0,"13":0,"14":0,"15":0,"16":0,"17":0,"18":0},"b":{"1":[0,0],"2":[0,0],"3":[0,0],"4":[0,0],"5":[0,0]},"f":{"1":0,"2":0,"3":0},"fnMap":{"1":{"name":"bindActionCreator","line":5,"loc":{"start":{"line":5,"column":0},"end":{"line":5,"column":52}}},"2":{"name":"(anonymous_2)","line":6,"loc":{"start":{"line":6,"column":9},"end":{"line":6,"column":21}}},"3":{"name":"bindActionCreators","line":32,"loc":{"start":{"line":32,"column":0},"end":{"line":32,"column":54}}}},"statementMap":{"1":{"start":{"line":3,"column":0},"end":{"line":3,"column":26}},"2":{"start":{"line":4,"column":0},"end":{"line":4,"column":40}},"3":{"start":{"line":5,"column":0},"end":{"line":9,"column":1}},"4":{"start":{"line":6,"column":2},"end":{"line":8,"column":4}},"5":{"start":{"line":7,"column":4},"end":{"line":7,"column":63}},"6":{"start":{"line":32,"column":0},"end":{"line":51,"column":1}},"7":{"start":{"line":33,"column":2},"end":{"line":35,"column":3}},"8":{"start":{"line":34,"column":4},"end":{"line":34,"column":55}},"9":{"start":{"line":37,"column":2},"end":{"line":39,"column":3}},"10":{"start":{"line":38,"column":4},"end":{"line":38,"column":255}},"11":{"start":{"line":41,"column":2},"end":{"line":41,"column":41}},"12":{"start":{"line":42,"column":2},"end":{"line":42,"column":31}},"13":{"start":{"line":43,"column":2},"end":{"line":49,"column":3}},"14":{"start":{"line":44,"column":4},"end":{"line":44,"column":22}},"15":{"start":{"line":45,"column":4},"end":{"line":45,"column":44}},"16":{"start":{"line":46,"column":4},"end":{"line":48,"column":5}},"17":{"start":{"line":47,"column":6},"end":{"line":47,"column":76}},"18":{"start":{"line":50,"column":2},"end":{"line":50,"column":29}}},"branchMap":{"1":{"line":33,"type":"if","locations":[{"start":{"line":33,"column":2},"end":{"line":33,"column":2}},{"start":{"line":33,"column":2},"end":{"line":33,"column":2}}]},"2":{"line":37,"type":"if","locations":[{"start":{"line":37,"column":2},"end":{"line":37,"column":2}},{"start":{"line":37,"column":2},"end":{"line":37,"column":2}}]},"3":{"line":37,"type":"binary-expr","locations":[{"start":{"line":37,"column":6},"end":{"line":37,"column":40}},{"start":{"line":37,"column":44},"end":{"line":37,"column":67}}]},"4":{"line":38,"type":"cond-expr","locations":[{"start":{"line":38,"column":122},"end":{"line":38,"column":128}},{"start":{"line":38,"column":131},"end":{"line":38,"column":152}}]},"5":{"line":46,"type":"if","locations":[{"start":{"line":46,"column":4},"end":{"line":46,"column":4}},{"start":{"line":46,"column":4},"end":{"line":46,"column":4}}]}},"code":["'use strict';","","exports.__esModule = true;","exports['default'] = bindActionCreators;","function bindActionCreator(actionCreator, dispatch) {","  return function () {","    return dispatch(actionCreator.apply(undefined, arguments));","  };","}","","/**"," * Turns an object whose values are action creators, into an object with the"," * same keys, but with every function wrapped into a `dispatch` call so they"," * may be invoked directly. This is just a convenience method, as you can call"," * `store.dispatch(MyActionCreators.doSomething())` yourself just fine."," *"," * For convenience, you can also pass a single function as the first argument,"," * and get a function in return."," *"," * @param {Function|Object} actionCreators An object whose values are action"," * creator functions. One handy way to obtain it is to use ES6 `import * as`"," * syntax. You may also pass a single function."," *"," * @param {Function} dispatch The `dispatch` function available on your Redux"," * store."," *"," * @returns {Function|Object} The object mimicking the original object, but with"," * every action creator wrapped into the `dispatch` call. If you passed a"," * function as `actionCreators`, the return value will also be a single"," * function."," */","function bindActionCreators(actionCreators, dispatch) {","  if (typeof actionCreators === 'function') {","    return bindActionCreator(actionCreators, dispatch);","  }","","  if (typeof actionCreators !== 'object' || actionCreators === null) {","    throw new Error('bindActionCreators expected an object or a function, instead received ' + (actionCreators === null ? 'null' : typeof actionCreators) + '. ' + 'Did you write \"import ActionCreators from\" instead of \"import * as ActionCreators from\"?');","  }","","  var keys = Object.keys(actionCreators);","  var boundActionCreators = {};","  for (var i = 0; i < keys.length; i++) {","    var key = keys[i];","    var actionCreator = actionCreators[key];","    if (typeof actionCreator === 'function') {","      boundActionCreators[key] = bindActionCreator(actionCreator, dispatch);","    }","  }","  return boundActionCreators;","}"],"l":{"3":1,"4":1,"5":1,"6":0,"7":0,"32":1,"33":0,"34":0,"37":0,"38":0,"41":0,"42":0,"43":0,"44":0,"45":0,"46":0,"47":0,"50":0}},"/home/travis/build/npmtest/node-npmtest-redux/node_modules/redux/lib/applyMiddleware.js":{"path":"/home/travis/build/npmtest/node-npmtest-redux/node_modules/redux/lib/applyMiddleware.js","s":{"1":1,"2":1,"3":0,"4":0,"5":0,"6":0,"7":0,"8":0,"9":1,"10":1,"11":1,"12":1,"13":1,"14":1,"15":0,"16":0,"17":0,"18":0,"19":0,"20":0,"21":0,"22":0,"23":0,"24":0,"25":0,"26":0,"27":0},"b":{"1":[1,0],"2":[0,0],"3":[1,0],"4":[1,1]},"f":{"1":0,"2":1,"3":0,"4":0,"5":0,"6":0,"7":0},"fnMap":{"1":{"name":"(anonymous_1)","line":5,"loc":{"start":{"line":5,"column":32},"end":{"line":5,"column":50}}},"2":{"name":"_interopRequireDefault","line":13,"loc":{"start":{"line":13,"column":0},"end":{"line":13,"column":37}}},"3":{"name":"applyMiddleware","line":31,"loc":{"start":{"line":31,"column":0},"end":{"line":31,"column":27}}},"4":{"name":"(anonymous_4)","line":36,"loc":{"start":{"line":36,"column":9},"end":{"line":36,"column":32}}},"5":{"name":"(anonymous_5)","line":37,"loc":{"start":{"line":37,"column":11},"end":{"line":37,"column":56}}},"6":{"name":"dispatch","line":44,"loc":{"start":{"line":44,"column":18},"end":{"line":44,"column":44}}},"7":{"name":"(anonymous_7)","line":48,"loc":{"start":{"line":48,"column":30},"end":{"line":48,"column":52}}}},"statementMap":{"1":{"start":{"line":3,"column":0},"end":{"line":3,"column":26}},"2":{"start":{"line":5,"column":0},"end":{"line":5,"column":257}},"3":{"start":{"line":5,"column":52},"end":{"line":5,"column":239}},"4":{"start":{"line":5,"column":97},"end":{"line":5,"column":123}},"5":{"start":{"line":5,"column":124},"end":{"line":5,"column":237}},"6":{"start":{"line":5,"column":150},"end":{"line":5,"column":235}},"7":{"start":{"line":5,"column":207},"end":{"line":5,"column":233}},"8":{"start":{"line":5,"column":240},"end":{"line":5,"column":254}},"9":{"start":{"line":7,"column":0},"end":{"line":7,"column":37}},"10":{"start":{"line":9,"column":0},"end":{"line":9,"column":36}},"11":{"start":{"line":11,"column":0},"end":{"line":11,"column":49}},"12":{"start":{"line":13,"column":0},"end":{"line":13,"column":97}},"13":{"start":{"line":13,"column":39},"end":{"line":13,"column":95}},"14":{"start":{"line":31,"column":0},"end":{"line":58,"column":1}},"15":{"start":{"line":32,"column":2},"end":{"line":34,"column":3}},"16":{"start":{"line":33,"column":4},"end":{"line":33,"column":40}},"17":{"start":{"line":36,"column":2},"end":{"line":57,"column":4}},"18":{"start":{"line":37,"column":4},"end":{"line":56,"column":6}},"19":{"start":{"line":38,"column":6},"end":{"line":38,"column":65}},"20":{"start":{"line":39,"column":6},"end":{"line":39,"column":37}},"21":{"start":{"line":40,"column":6},"end":{"line":40,"column":21}},"22":{"start":{"line":42,"column":6},"end":{"line":47,"column":8}},"23":{"start":{"line":45,"column":10},"end":{"line":45,"column":35}},"24":{"start":{"line":48,"column":6},"end":{"line":50,"column":9}},"25":{"start":{"line":49,"column":8},"end":{"line":49,"column":41}},"26":{"start":{"line":51,"column":6},"end":{"line":51,"column":79}},"27":{"start":{"line":53,"column":6},"end":{"line":55,"column":9}}},"branchMap":{"1":{"line":5,"type":"binary-expr","locations":[{"start":{"line":5,"column":15},"end":{"line":5,"column":28}},{"start":{"line":5,"column":32},"end":{"line":5,"column":256}}]},"2":{"line":5,"type":"if","locations":[{"start":{"line":5,"column":150},"end":{"line":5,"column":150}},{"start":{"line":5,"column":150},"end":{"line":5,"column":150}}]},"3":{"line":13,"type":"cond-expr","locations":[{"start":{"line":13,"column":70},"end":{"line":13,"column":73}},{"start":{"line":13,"column":76},"end":{"line":13,"column":94}}]},"4":{"line":13,"type":"binary-expr","locations":[{"start":{"line":13,"column":46},"end":{"line":13,"column":49}},{"start":{"line":13,"column":53},"end":{"line":13,"column":67}}]}},"code":["'use strict';","","exports.__esModule = true;","","var _extends = Object.assign || function (target) { for (var i = 1; i < arguments.length; i++) { var source = arguments[i]; for (var key in source) { if (Object.prototype.hasOwnProperty.call(source, key)) { target[key] = source[key]; } } } return target; };","","exports['default'] = applyMiddleware;","","var _compose = require('./compose');","","var _compose2 = _interopRequireDefault(_compose);","","function _interopRequireDefault(obj) { return obj && obj.__esModule ? obj : { 'default': obj }; }","","/**"," * Creates a store enhancer that applies middleware to the dispatch method"," * of the Redux store. This is handy for a variety of tasks, such as expressing"," * asynchronous actions in a concise manner, or logging every action payload."," *"," * See `redux-thunk` package as an example of the Redux middleware."," *"," * Because middleware is potentially asynchronous, this should be the first"," * store enhancer in the composition chain."," *"," * Note that each middleware will be given the `dispatch` and `getState` functions"," * as named arguments."," *"," * @param {...Function} middlewares The middleware chain to be applied."," * @returns {Function} A store enhancer applying the middleware."," */","function applyMiddleware() {","  for (var _len = arguments.length, middlewares = Array(_len), _key = 0; _key < _len; _key++) {","    middlewares[_key] = arguments[_key];","  }","","  return function (createStore) {","    return function (reducer, preloadedState, enhancer) {","      var store = createStore(reducer, preloadedState, enhancer);","      var _dispatch = store.dispatch;","      var chain = [];","","      var middlewareAPI = {","        getState: store.getState,","        dispatch: function dispatch(action) {","          return _dispatch(action);","        }","      };","      chain = middlewares.map(function (middleware) {","        return middleware(middlewareAPI);","      });","      _dispatch = _compose2['default'].apply(undefined, chain)(store.dispatch);","","      return _extends({}, store, {","        dispatch: _dispatch","      });","    };","  };","}"],"l":{"3":1,"5":1,"7":1,"9":1,"11":1,"13":1,"31":1,"32":0,"33":0,"36":0,"37":0,"38":0,"39":0,"40":0,"42":0,"45":0,"48":0,"49":0,"51":0,"53":0}},"/home/travis/build/npmtest/node-npmtest-redux/node_modules/redux/lib/compose.js":{"path":"/home/travis/build/npmtest/node-npmtest-redux/node_modules/redux/lib/compose.js","s":{"1":1,"2":1,"3":1,"4":0,"5":0,"6":0,"7":0,"8":0,"9":0,"10":0,"11":0,"12":0,"13":0,"14":0,"15":0},"b":{"1":[0,0],"2":[0,0]},"f":{"1":0,"2":0,"3":0,"4":0},"fnMap":{"1":{"name":"compose","line":16,"loc":{"start":{"line":16,"column":0},"end":{"line":16,"column":19}}},"2":{"name":"(anonymous_2)","line":22,"loc":{"start":{"line":22,"column":11},"end":{"line":22,"column":26}}},"3":{"name":"(anonymous_3)","line":33,"loc":{"start":{"line":33,"column":9},"end":{"line":33,"column":21}}},"4":{"name":"(anonymous_4)","line":34,"loc":{"start":{"line":34,"column":28},"end":{"line":34,"column":51}}}},"statementMap":{"1":{"start":{"line":3,"column":0},"end":{"line":3,"column":26}},"2":{"start":{"line":4,"column":0},"end":{"line":4,"column":29}},"3":{"start":{"line":16,"column":0},"end":{"line":38,"column":1}},"4":{"start":{"line":17,"column":2},"end":{"line":19,"column":3}},"5":{"start":{"line":18,"column":4},"end":{"line":18,"column":34}},"6":{"start":{"line":21,"column":2},"end":{"line":25,"column":3}},"7":{"start":{"line":22,"column":4},"end":{"line":24,"column":6}},"8":{"start":{"line":23,"column":6},"end":{"line":23,"column":17}},"9":{"start":{"line":27,"column":2},"end":{"line":29,"column":3}},"10":{"start":{"line":28,"column":4},"end":{"line":28,"column":20}},"11":{"start":{"line":31,"column":2},"end":{"line":31,"column":37}},"12":{"start":{"line":32,"column":2},"end":{"line":32,"column":32}},"13":{"start":{"line":33,"column":2},"end":{"line":37,"column":4}},"14":{"start":{"line":34,"column":4},"end":{"line":36,"column":41}},"15":{"start":{"line":35,"column":6},"end":{"line":35,"column":25}}},"branchMap":{"1":{"line":21,"type":"if","locations":[{"start":{"line":21,"column":2},"end":{"line":21,"column":2}},{"start":{"line":21,"column":2},"end":{"line":21,"column":2}}]},"2":{"line":27,"type":"if","locations":[{"start":{"line":27,"column":2},"end":{"line":27,"column":2}},{"start":{"line":27,"column":2},"end":{"line":27,"column":2}}]}},"code":["\"use strict\";","","exports.__esModule = true;","exports[\"default\"] = compose;","/**"," * Composes single-argument functions from right to left. The rightmost"," * function can take multiple arguments as it provides the signature for"," * the resulting composite function."," *"," * @param {...Function} funcs The functions to compose."," * @returns {Function} A function obtained by composing the argument functions"," * from right to left. For example, compose(f, g, h) is identical to doing"," * (...args) => f(g(h(...args)))."," */","","function compose() {","  for (var _len = arguments.length, funcs = Array(_len), _key = 0; _key < _len; _key++) {","    funcs[_key] = arguments[_key];","  }","","  if (funcs.length === 0) {","    return function (arg) {","      return arg;","    };","  }","","  if (funcs.length === 1) {","    return funcs[0];","  }","","  var last = funcs[funcs.length - 1];","  var rest = funcs.slice(0, -1);","  return function () {","    return rest.reduceRight(function (composed, f) {","      return f(composed);","    }, last.apply(undefined, arguments));","  };","}"],"l":{"3":1,"4":1,"16":1,"17":0,"18":0,"21":0,"22":0,"23":0,"27":0,"28":0,"31":0,"32":0,"33":0,"34":0,"35":0}}}